<?xml version="1.0" encoding="UTF-8" standalone="yes" ?>

<inet:Report xmlns:inet="http://www.inetsoftware.de" major_version="8" minor_version="0" major_xml_version="9" minor_xml_version="0" count="3" id="0">
    <Datasource>
      <DataSourceConfiguration name="pdsora7.dll">
      </DataSourceConfiguration>
      <Tablesource alias="DUMMY_VW_RSVAWBLST" databaseIdentifier="ICARGO_DEV.DUMMY_VW_RSVAWBLST">
        <Column name="CSHTYP" type="11" />
        <Column name="RCPNUM" type="11" />
      </Tablesource>
    </Datasource>
  <Database>
  <QueryChanges mask="0" count="4">
      <Attribute name="queryChange" value="null"/>
      <Attribute name="queryChange" value="null"/>
      <Attribute name="queryChange" value="null"/>
      <Attribute name="queryChange" value="null"/>
    </QueryChanges>
  </Database>
  <FormulaFields>
  </FormulaFields>
  <PromptFields>
    <Field type="PromptVarField" valueType="11">
      <Attribute name="name" value="ReportId"/>
      <Attribute name="allow_multiple_values" value="false"/>
      <Attribute name="discrete_or_range" value="0"/>
      <Attribute name="allow editing" value="true"/>
      <Attribute name="description_only" value="false"/>
      <Attribute name="edit mask" value=""/>
      <Attribute name="prompt_text" value=""/>
      <Attribute name="use_range" value="false"/>
      <Attribute name="id" value="0"/>
    </Field>
    <Field type="PromptVarField" valueType="11">
      <Attribute name="name" value="StaffId"/>
      <Attribute name="allow_multiple_values" value="false"/>
      <Attribute name="discrete_or_range" value="0"/>
      <Attribute name="allow editing" value="true"/>
      <Attribute name="description_only" value="false"/>
      <Attribute name="edit mask" value=""/>
      <Attribute name="prompt_text" value=""/>
      <Attribute name="use_range" value="false"/>
      <Attribute name="id" value="1"/>
    </Field>
    <Field type="PromptVarField" valueType="11">
      <Attribute name="name" value="Station"/>
      <Attribute name="allow_multiple_values" value="false"/>
      <Attribute name="discrete_or_range" value="0"/>
      <Attribute name="allow editing" value="true"/>
      <Attribute name="description_only" value="false"/>
      <Attribute name="edit mask" value=""/>
      <Attribute name="prompt_text" value=""/>
      <Attribute name="use_range" value="false"/>
      <Attribute name="id" value="2"/>
    </Field>
    <Field type="PromptVarField" valueType="11">
      <Attribute name="name" value="PrintDate"/>
      <Attribute name="allow_multiple_values" value="false"/>
      <Attribute name="discrete_or_range" value="0"/>
      <Attribute name="allow editing" value="true"/>
      <Attribute name="description_only" value="false"/>
      <Attribute name="edit mask" value=""/>
      <Attribute name="prompt_text" value=""/>
      <Attribute name="use_range" value="false"/>
      <Attribute name="id" value="516"/>
    </Field>
    <Field type="PromptVarField" valueType="11">
      <Attribute name="name" value="PrintTime"/>
      <Attribute name="allow_multiple_values" value="false"/>
      <Attribute name="discrete_or_range" value="0"/>
      <Attribute name="allow editing" value="true"/>
      <Attribute name="description_only" value="false"/>
      <Attribute name="edit mask" value=""/>
      <Attribute name="prompt_text" value=""/>
      <Attribute name="use_range" value="false"/>
      <Attribute name="id" value="517"/>
    </Field>
    <Field type="PromptVarField" valueType="11">
      <Attribute name="name" value="airline"/>
      <Attribute name="allow_multiple_values" value="false"/>
      <Attribute name="discrete_or_range" value="0"/>
      <Attribute name="allow editing" value="true"/>
      <Attribute name="description_only" value="false"/>
      <Attribute name="edit mask" value=""/>
      <Attribute name="prompt_text" value=""/>
      <Attribute name="use_range" value="false"/>
      <Attribute name="id" value="518"/>
      <DefaultPromptValues>
            <DefaultValue value="&#39;&#39;"/>
      </DefaultPromptValues>
    </Field>
    <Field type="PromptVarField" valueType="11">
      <Attribute name="name" value="customerCode"/>
      <Attribute name="allow_multiple_values" value="false"/>
      <Attribute name="discrete_or_range" value="0"/>
      <Attribute name="allow editing" value="true"/>
      <Attribute name="description_only" value="false"/>
      <Attribute name="edit mask" value=""/>
      <Attribute name="prompt_text" value=""/>
      <Attribute name="use_range" value="false"/>
      <Attribute name="id" value="519"/>
      <DefaultPromptValues>
            <DefaultValue value="&#39;&#39;"/>
      </DefaultPromptValues>
    </Field>
    <Field type="PromptVarField" valueType="11">
      <Attribute name="name" value="customerName"/>
      <Attribute name="allow_multiple_values" value="false"/>
      <Attribute name="discrete_or_range" value="0"/>
      <Attribute name="allow editing" value="true"/>
      <Attribute name="description_only" value="false"/>
      <Attribute name="edit mask" value=""/>
      <Attribute name="prompt_text" value=""/>
      <Attribute name="use_range" value="false"/>
      <Attribute name="id" value="520"/>
      <DefaultPromptValues>
            <DefaultValue value="&#39;&#39;"/>
      </DefaultPromptValues>
    </Field>
    <Field type="PromptVarField" valueType="11">
      <Attribute name="name" value="reservationstaffId"/>
      <Attribute name="allow_multiple_values" value="false"/>
      <Attribute name="discrete_or_range" value="0"/>
      <Attribute name="allow editing" value="true"/>
      <Attribute name="description_only" value="false"/>
      <Attribute name="edit mask" value=""/>
      <Attribute name="prompt_text" value=""/>
      <Attribute name="use_range" value="false"/>
      <Attribute name="id" value="521"/>
      <DefaultPromptValues>
            <DefaultValue value="&#39;&#39;"/>
      </DefaultPromptValues>
    </Field>
    <Field type="PromptVarField" valueType="11">
      <Attribute name="name" value="reservationStaffName"/>
      <Attribute name="allow_multiple_values" value="false"/>
      <Attribute name="discrete_or_range" value="0"/>
      <Attribute name="allow editing" value="true"/>
      <Attribute name="description_only" value="false"/>
      <Attribute name="edit mask" value=""/>
      <Attribute name="prompt_text" value=""/>
      <Attribute name="use_range" value="false"/>
      <Attribute name="id" value="522"/>
      <DefaultPromptValues>
            <DefaultValue value="&#39;&#39;"/>
      </DefaultPromptValues>
    </Field>
    <Field type="PromptVarField" valueType="11">
      <Attribute name="name" value="expiryDate"/>
      <Attribute name="allow_multiple_values" value="false"/>
      <Attribute name="discrete_or_range" value="0"/>
      <Attribute name="allow editing" value="true"/>
      <Attribute name="description_only" value="false"/>
      <Attribute name="edit mask" value=""/>
      <Attribute name="prompt_text" value=""/>
      <Attribute name="use_range" value="false"/>
      <Attribute name="id" value="523"/>
    </Field>
    <Field type="PromptVarField" valueType="11">
      <Attribute name="name" value="awbNumber"/>
      <Attribute name="allow_multiple_values" value="false"/>
      <Attribute name="discrete_or_range" value="0"/>
      <Attribute name="allow editing" value="true"/>
      <Attribute name="description_only" value="false"/>
      <Attribute name="edit mask" value=""/>
      <Attribute name="prompt_text" value=""/>
      <Attribute name="use_range" value="false"/>
      <Attribute name="id" value="524"/>
      <DefaultPromptValues>
            <DefaultValue value="&#39;&#39;"/>
      </DefaultPromptValues>
    </Field>
  </PromptFields>
  <SQLFields>
  </SQLFields>
  <SummaryFields>
    <Field type="SummaryField" valueType="-1">
      <Attribute name="name" value="sum Field 0.37444752"/>
      <Attribute name="operation" value="0"/>
      <Attribute name="summary_nth" value="0"/>
      <Attribute name="summary_type" value="1"/>
      <Attribute name="chartFieldSelect" value="2"/>
      <Attribute name="group number type" value="0"/>
      <Attribute name="show as percent value" value="false"/>
      <Attribute name="execute on db" value="false"/>
    </Field>
    <Field type="SummaryField" valueType="-1">
      <Attribute name="name" value=""/>
      <Attribute name="operation" value="0"/>
      <Attribute name="summary_nth" value="0"/>
      <Attribute name="summary_type" value="1"/>
      <Attribute name="chartFieldSelect" value="2"/>
      <Attribute name="group number type" value="0"/>
      <Attribute name="show as percent value" value="false"/>
      <Attribute name="execute on db" value="false"/>
    </Field>
    <Field type="SummaryField" valueType="-1">
      <Attribute name="name" value=""/>
      <Attribute name="operation" value="0"/>
      <Attribute name="summary_nth" value="0"/>
      <Attribute name="summary_type" value="1"/>
      <Attribute name="chartFieldSelect" value="2"/>
      <Attribute name="group number type" value="0"/>
      <Attribute name="show as percent value" value="false"/>
      <Attribute name="execute on db" value="false"/>
    </Field>
    <Field type="SummaryField" valueType="-1">
      <Attribute name="name" value=""/>
      <Attribute name="operation" value="0"/>
      <Attribute name="summary_nth" value="0"/>
      <Attribute name="summary_type" value="1"/>
      <Attribute name="chartFieldSelect" value="2"/>
      <Attribute name="group number type" value="0"/>
      <Attribute name="show as percent value" value="false"/>
      <Attribute name="execute on db" value="false"/>
    </Field>
    <Field type="SummaryField" valueType="-1">
      <Attribute name="name" value=""/>
      <Attribute name="operation" value="0"/>
      <Attribute name="summary_nth" value="0"/>
      <Attribute name="summary_type" value="1"/>
      <Attribute name="chartFieldSelect" value="2"/>
      <Attribute name="group number type" value="0"/>
      <Attribute name="show as percent value" value="false"/>
      <Attribute name="execute on db" value="false"/>
    </Field>
  </SummaryFields>
  <SortFields>
  </SortFields>
  <GroupNameFields count="0">
  </GroupNameFields>
  <ReportProperties>
    <Attribute name="page width" value="12240"/>
    <Attribute name="page height" value="15840"/>
    <Attribute name="page orientation" value="1"/>
    <Attribute name="page margin left" value="360"/>
    <Attribute name="page margin right" value="360"/>
    <Attribute name="page margin top" value="360"/>
    <Attribute name="page margin bottom" value="360"/>
    <Attribute name="report title" value=""/>
    <Attribute name="report author" value=""/>
    <Attribute name="report keywords" value=""/>
    <Attribute name="report subject" value=""/>
    <Attribute name="report template" value=""/>
    <Attribute name="report comments" value=""/>
    <Attribute name="report last saved" value="13 Jan 2012 13:07:09 GMT"/>
    <Attribute name="report created" value="22 Nov 2005 14:03:43 GMT"/>
    <Attribute name="mailing label type 1" value="User-Defined Label"/>
    <Attribute name="mailing label type 2" value=""/>
    <Attribute name="format with multiple columns" value="false"/>
    <Attribute name="mailing label width" value="0"/>
    <Attribute name="mailing label height" value="0"/>
    <Attribute name="mailing label distance vertical" value="0"/>
    <Attribute name="mailing label distance horizontal" value="0"/>
    <Attribute name="across then down" value="false"/>
    <Attribute name="format groups with multiple columns" value="false"/>
    <Attribute name="distinct" value="false"/>
    <Attribute name="show suppressed nodes" value="true"/>
    <Attribute name="ignore filtering" value="false"/>
    <Attribute name="ignore sorting" value="false"/>
    <Attribute name="convert date time" value="2"/>
    <Attribute name="data source" value="tst1"/>
    <Attribute name="data source desc" value="Oracle Server"/>
    <Attribute name="suppress if no rows" value="false"/>
    <Attribute name="convert null values to default" value="false"/>
    <Attribute name="hide PageFooter inside ReportHeader" value="true"/>
    <Attribute name="form print" value="false"/>
    <Attribute name="printing enabled" value="true"/>
    <Attribute name="clipboard enabled" value="true"/>
    <Attribute name="export enabled" value="true"/>
    <Attribute name="group tree visible" value="true"/>
  </ReportProperties>
  <AreaPair type="PageAreaPair" id="0">
    <Area type="PageHeader" count="3">
      <AreaProperties>
        <Attribute name="drill down" value="true"/>
        <Attribute name="keep together" value="true"/>
        <Attribute name="underlay following section" value="true"/>
      </AreaProperties>
      <Section type="PageHeader" count="15" width="11520" height="1615" id="0">
        <SectionProperties>
          <Attribute name="drill down" value="true"/>
          <Attribute name="keep together" value="true"/>
        </SectionProperties>
        <Element type="Box" x2_position="11460" y2_position="35" x_position="30" y_position="29" width="11430" height="1686">
          <CommonProperties>
            <Attribute name="keep together" value="true"/>
          </CommonProperties>
          <BoxProperties>
            <Attribute name="close border on page break" value="true"/>
              <LineProperties>
                <Attribute name="id" value="1"/>
              </LineProperties>
          </BoxProperties>
        </Element>
        <Element type="Text" count="1" x_position="8236" y_position="135" width="880" height="226">
          <CommonProperties>
            <Attribute name="keep together" value="true"/>
          </CommonProperties>
          <Element type="Paragraph" count="1">
            <CommonProperties>
              <Attribute name="horizontal align" value="1"/>
            </CommonProperties>
            <Element type="TextPart">
              <FontProperties>
                <Attribute name="font name" value="Arial"/>
                <Attribute name="font size" value="200"/>
              </FontProperties>
            <![CDATA[Report Id]]>
            </Element>
          </Element>
        </Element>
        <Element type="Text" count="1" x_position="8236" y_position="525" width="880" height="226">
          <CommonProperties>
            <Attribute name="keep together" value="true"/>
            <Attribute name="can grow" value="true"/>
          </CommonProperties>
          <Element type="Paragraph" count="1">
            <CommonProperties>
              <Attribute name="horizontal align" value="1"/>
            </CommonProperties>
            <Element type="TextPart">
              <FontProperties>
                <Attribute name="font name" value="Arial"/>
                <Attribute name="font size" value="200"/>
              </FontProperties>
            <![CDATA[Date ]]>
            </Element>
          </Element>
        </Element>
        <Element type="Text" count="1" x_position="8236" y_position="900" width="880" height="226">
          <CommonProperties>
            <Attribute name="keep together" value="true"/>
          </CommonProperties>
          <Element type="Paragraph" count="1">
            <CommonProperties>
              <Attribute name="horizontal align" value="1"/>
            </CommonProperties>
            <Element type="TextPart">
              <FontProperties>
                <Attribute name="font name" value="Arial"/>
                <Attribute name="font size" value="200"/>
              </FontProperties>
            <![CDATA[Staff Id]]>
            </Element>
          </Element>
        </Element>
        <Element type="Text" count="1" x_position="8236" y_position="1245" width="880" height="226">
          <CommonProperties>
            <Attribute name="keep together" value="true"/>
          </CommonProperties>
          <Element type="Paragraph" count="1">
            <CommonProperties>
              <Attribute name="horizontal align" value="1"/>
            </CommonProperties>
            <Element type="TextPart">
              <FontProperties>
                <Attribute name="font name" value="Arial"/>
                <Attribute name="font size" value="200"/>
              </FontProperties>
            <![CDATA[Station]]>
            </Element>
          </Element>
        </Element>
        <Element type="Text" count="1" x_position="9106" y_position="150" width="120" height="226">
          <CommonProperties>
            <Attribute name="keep together" value="true"/>
            <Attribute name="can grow" value="true"/>
          </CommonProperties>
          <Element type="Paragraph" count="1">
            <CommonProperties>
              <Attribute name="horizontal align" value="1"/>
            </CommonProperties>
            <Element type="TextPart">
              <FontProperties>
                <Attribute name="font name" value="Arial"/>
                <Attribute name="font size" value="200"/>
              </FontProperties>
            <![CDATA[:]]>
            </Element>
          </Element>
        </Element>
        <Element type="Text" count="1" x_position="9106" y_position="540" width="120" height="226">
          <CommonProperties>
            <Attribute name="keep together" value="true"/>
          </CommonProperties>
          <Element type="Paragraph" count="1">
            <CommonProperties>
              <Attribute name="horizontal align" value="1"/>
            </CommonProperties>
            <Element type="TextPart">
              <FontProperties>
                <Attribute name="font name" value="Arial"/>
                <Attribute name="font size" value="200"/>
              </FontProperties>
            <![CDATA[:]]>
            </Element>
          </Element>
        </Element>
        <Element type="Text" count="1" x_position="9106" y_position="915" width="120" height="226">
          <CommonProperties>
            <Attribute name="keep together" value="true"/>
            <Attribute name="can grow" value="true"/>
          </CommonProperties>
          <Element type="Paragraph" count="1">
            <CommonProperties>
              <Attribute name="horizontal align" value="1"/>
            </CommonProperties>
            <Element type="TextPart">
              <FontProperties>
                <Attribute name="font name" value="Arial"/>
                <Attribute name="font size" value="200"/>
              </FontProperties>
            <![CDATA[:]]>
            </Element>
          </Element>
        </Element>
        <Element type="Text" count="1" x_position="9106" y_position="1260" width="120" height="226">
          <CommonProperties>
            <Attribute name="keep together" value="true"/>
          </CommonProperties>
          <Element type="Paragraph" count="1">
            <CommonProperties>
              <Attribute name="horizontal align" value="1"/>
            </CommonProperties>
            <Element type="TextPart">
              <FontProperties>
                <Attribute name="font name" value="Arial"/>
                <Attribute name="font size" value="200"/>
              </FontProperties>
            <![CDATA[:]]>
            </Element>
          </Element>
        </Element>
        <Element type="Text" count="1" x_position="2432" y_position="720" width="5751" height="345">
          <CommonProperties>
            <Attribute name="keep together" value="true"/>
          </CommonProperties>
          <Element type="Paragraph" count="1">
            <CommonProperties>
              <Attribute name="horizontal align" value="2"/>
            </CommonProperties>
            <Element type="TextPart">
              <FontProperties>
                <Attribute name="font name" value="Arial"/>
                <Attribute name="font size" value="280"/>
                <Attribute name="font style" value="1"/>
              </FontProperties>
            <![CDATA[RPRSTK001#TITLE]]>
            </Element>
          </Element>
        </Element>
        <Element type="FieldElement" x_position="9222" y_position="152" width="2001" height="226">
          <CommonProperties>
            <Attribute name="horizontal align" value="1"/>
            <Attribute name="keep together" value="true"/>
          </CommonProperties>
          <FontProperties>
            <Attribute name="font name" value="Arial"/>
            <Attribute name="font size" value="200"/>
          </FontProperties>
          <Reference name="field" type="PromptVarField" refname="?ReportId"/>
        </Element>
        <Element type="FieldElement" x_position="9222" y_position="917" width="1972" height="226">
          <CommonProperties>
            <Attribute name="horizontal align" value="1"/>
            <Attribute name="keep together" value="true"/>
          </CommonProperties>
          <FontProperties>
            <Attribute name="font name" value="Arial"/>
            <Attribute name="font size" value="200"/>
          </FontProperties>
          <Reference name="field" type="PromptVarField" refname="?StaffId"/>
        </Element>
        <Element type="FieldElement" x_position="9222" y_position="1262" width="1943" height="226">
          <CommonProperties>
            <Attribute name="horizontal align" value="1"/>
            <Attribute name="keep together" value="true"/>
          </CommonProperties>
          <FontProperties>
            <Attribute name="font name" value="Arial"/>
            <Attribute name="font size" value="200"/>
          </FontProperties>
          <Reference name="field" type="PromptVarField" refname="?Station"/>
        </Element>
        <Element type="FieldElement" x_position="10560" y_position="525" width="792" height="315">
          <CommonProperties>
            <Attribute name="keep together" value="true"/>
          </CommonProperties>
          <FontProperties>
            <Attribute name="font name" value="Arial"/>
            <Attribute name="font size" value="200"/>
          </FontProperties>
          <Reference name="field" type="PromptVarField" refname="?PrintTime"/>
        </Element>
        <Element type="FieldElement" x_position="9222" y_position="525" width="1281" height="285">
          <CommonProperties>
            <Attribute name="keep together" value="true"/>
          </CommonProperties>
          <FontProperties>
            <Attribute name="font name" value="Arial"/>
            <Attribute name="font size" value="200"/>
          </FontProperties>
          <Reference name="field" type="PromptVarField" refname="?PrintDate"/>
        </Element>
      </Section>
      <Section type="PageHeader" count="16" width="11520" height="1586" id="1">
        <SectionProperties>
          <Attribute name="drill down" value="true"/>
          <Attribute name="keep together" value="true"/>
        </SectionProperties>
        <Element type="Box" x2_position="11460" y2_position="1560" x_position="30" y_position="0" width="11430" height="1560">
          <CommonProperties>
            <Attribute name="keep together" value="true"/>
          </CommonProperties>
          <BoxProperties>
            <Attribute name="close border on page break" value="true"/>
              <LineProperties>
                <Attribute name="id" value="1"/>
              </LineProperties>
          </BoxProperties>
        </Element>
        <Element type="Box" x2_position="11460" y2_position="20" x_position="30" y_position="1560" width="11430" height="1385">
          <CommonProperties>
            <Attribute name="keep together" value="true"/>
          </CommonProperties>
          <BoxProperties>
            <Attribute name="close border on page break" value="true"/>
              <LineProperties>
                <Attribute name="id" value="3"/>
              </LineProperties>
          </BoxProperties>
        </Element>
        <Element type="FieldElement" x_position="2280" y_position="197" width="1144" height="225">
          <CommonProperties>
            <Attribute name="keep together" value="true"/>
          </CommonProperties>
          <FontProperties>
            <Attribute name="font name" value="Times New Roman"/>
            <Attribute name="font size" value="200"/>
          </FontProperties>
          <Reference name="field" type="PromptVarField" refname="?airline"/>
        </Element>
        <Element type="FieldElement" x_position="5499" y_position="197" width="1414" height="225">
          <CommonProperties>
            <Attribute name="keep together" value="true"/>
          </CommonProperties>
          <FontProperties>
            <Attribute name="font name" value="Times New Roman"/>
            <Attribute name="font size" value="200"/>
          </FontProperties>
          <Reference name="field" type="PromptVarField" refname="?customerCode"/>
        </Element>
        <Element type="FieldElement" x_position="9120" y_position="197" width="1320" height="225">
          <CommonProperties>
            <Attribute name="keep together" value="true"/>
          </CommonProperties>
          <FontProperties>
            <Attribute name="font name" value="Times New Roman"/>
            <Attribute name="font size" value="200"/>
          </FontProperties>
          <Reference name="field" type="PromptVarField" refname="?customerName"/>
        </Element>
        <Element type="FieldElement" x_position="3600" y_position="780" width="1320" height="225">
          <CommonProperties>
            <Attribute name="keep together" value="true"/>
          </CommonProperties>
          <FontProperties>
            <Attribute name="font name" value="Times New Roman"/>
            <Attribute name="font size" value="200"/>
          </FontProperties>
          <Reference name="field" type="PromptVarField" refname="?reservationstaffId"/>
        </Element>
        <Element type="FieldElement" x_position="7080" y_position="780" width="1359" height="225">
          <CommonProperties>
            <Attribute name="keep together" value="true"/>
          </CommonProperties>
          <FontProperties>
            <Attribute name="font name" value="Times New Roman"/>
            <Attribute name="font size" value="200"/>
          </FontProperties>
          <Reference name="field" type="PromptVarField" refname="?reservationStaffName"/>
        </Element>
        <Element type="FieldElement" x_position="3600" y_position="1200" width="1440" height="225">
          <CommonProperties>
            <Attribute name="keep together" value="true"/>
          </CommonProperties>
          <FontProperties>
            <Attribute name="font name" value="Times New Roman"/>
            <Attribute name="font size" value="200"/>
          </FontProperties>
          <Reference name="field" type="PromptVarField" refname="?expiryDate"/>
        </Element>
        <Element type="FieldElement" x_position="7092" y_position="1200" width="1414" height="225">
          <CommonProperties>
            <Attribute name="keep together" value="true"/>
          </CommonProperties>
          <FontProperties>
            <Attribute name="font name" value="Times New Roman"/>
            <Attribute name="font size" value="200"/>
          </FontProperties>
          <Reference name="field" type="PromptVarField" refname="?awbNumber"/>
        </Element>
        <Element type="Text" count="1" x_position="1129" y_position="197" width="1049" height="225">
          <CommonProperties>
            <Attribute name="keep together" value="true"/>
          </CommonProperties>
          <Element type="Paragraph" count="1">
            <CommonProperties>
              <Attribute name="horizontal align" value="1"/>
            </CommonProperties>
            <Element type="TextPart">
              <FontProperties>
                <Attribute name="font name" value="Times New Roman"/>
                <Attribute name="font size" value="200"/>
              </FontProperties>
            <![CDATA[RPRSTK001#Airline]]>
            </Element>
          </Element>
        </Element>
        <Element type="Text" count="1" x_position="4200" y_position="197" width="1262" height="225">
          <CommonProperties>
            <Attribute name="keep together" value="true"/>
          </CommonProperties>
          <Element type="Paragraph" count="1">
            <CommonProperties>
              <Attribute name="horizontal align" value="1"/>
            </CommonProperties>
            <Element type="TextPart">
              <FontProperties>
                <Attribute name="font name" value="Times New Roman"/>
                <Attribute name="font size" value="200"/>
              </FontProperties>
            <![CDATA[RPRSTK001#CustomerCode]]>
            </Element>
          </Element>
        </Element>
        <Element type="Text" count="1" x_position="2286" y_position="780" width="1049" height="225">
          <CommonProperties>
            <Attribute name="keep together" value="true"/>
          </CommonProperties>
          <Element type="Paragraph" count="1">
            <CommonProperties>
              <Attribute name="horizontal align" value="1"/>
            </CommonProperties>
            <Element type="TextPart">
              <FontProperties>
                <Attribute name="font name" value="Times New Roman"/>
                <Attribute name="font size" value="200"/>
              </FontProperties>
            <![CDATA[RPRSTK001#StaffId]]>
            </Element>
          </Element>
        </Element>
        <Element type="Text" count="1" x_position="5682" y_position="780" width="1049" height="225">
          <CommonProperties>
            <Attribute name="keep together" value="true"/>
          </CommonProperties>
          <Element type="Paragraph" count="1">
            <CommonProperties>
              <Attribute name="horizontal align" value="1"/>
            </CommonProperties>
            <Element type="TextPart">
              <FontProperties>
                <Attribute name="font name" value="Times New Roman"/>
                <Attribute name="font size" value="200"/>
              </FontProperties>
            <![CDATA[RPRSTK001#StaffName]]>
            </Element>
          </Element>
        </Element>
        <Element type="Text" count="1" x_position="7915" y_position="197" width="1049" height="225">
          <CommonProperties>
            <Attribute name="keep together" value="true"/>
          </CommonProperties>
          <Element type="Paragraph" count="1">
            <CommonProperties>
              <Attribute name="horizontal align" value="1"/>
            </CommonProperties>
            <Element type="TextPart">
              <FontProperties>
                <Attribute name="font name" value="Times New Roman"/>
                <Attribute name="font size" value="200"/>
              </FontProperties>
            <![CDATA[RPRSTK001#CustomerName]]>
            </Element>
          </Element>
        </Element>
        <Element type="Text" count="1" x_position="2286" y_position="1200" width="1049" height="225">
          <CommonProperties>
            <Attribute name="keep together" value="true"/>
          </CommonProperties>
          <Element type="Paragraph" count="1">
            <CommonProperties>
              <Attribute name="horizontal align" value="1"/>
            </CommonProperties>
            <Element type="TextPart">
              <FontProperties>
                <Attribute name="font name" value="Times New Roman"/>
                <Attribute name="font size" value="200"/>
              </FontProperties>
            <![CDATA[RPRSTK001#expDate]]>
            </Element>
          </Element>
        </Element>
        <Element type="Text" count="1" x_position="5682" y_position="1200" width="1049" height="225">
          <CommonProperties>
            <Attribute name="keep together" value="true"/>
          </CommonProperties>
          <Element type="Paragraph" count="1">
            <CommonProperties>
              <Attribute name="horizontal align" value="1"/>
            </CommonProperties>
            <Element type="TextPart">
              <FontProperties>
                <Attribute name="font name" value="Times New Roman"/>
                <Attribute name="font size" value="200"/>
              </FontProperties>
            <![CDATA[RPRSTK001#doctype]]>
            </Element>
          </Element>
        </Element>
      </Section>
      <Section type="PageHeader" count="2" width="11520" height="420" id="2">
        <SectionProperties>
          <Attribute name="drill down" value="true"/>
          <Attribute name="keep together" value="true"/>
        </SectionProperties>
        <Element type="Box" x2_position="8520" y2_position="20" x_position="3120" y_position="0" width="5400" height="500">
          <CommonProperties>
            <Attribute name="keep together" value="true"/>
          </CommonProperties>
          <BoxProperties>
            <Attribute name="background color" value="12632256"/>
            <Attribute name="close border on page break" value="true"/>
              <LineProperties>
                <Attribute name="id" value="6"/>
              </LineProperties>
          </BoxProperties>
        </Element>
        <Element type="Text" count="1" x_position="4636" y_position="0" width="1995" height="240">
          <CommonProperties>
            <Attribute name="keep together" value="true"/>
          </CommonProperties>
          <Element type="Paragraph" count="1">
            <CommonProperties>
              <Attribute name="horizontal align" value="2"/>
            </CommonProperties>
            <Element type="TextPart">
              <FontProperties>
                <Attribute name="font name" value="Times New Roman"/>
                <Attribute name="font size" value="200"/>
              </FontProperties>
            <![CDATA[RPRSTK001#AWB]]>
            </Element>
          </Element>
        </Element>
      </Section>
    </Area>
    <Area type="PageFooter" count="1">
      <AreaProperties>
        <Attribute name="drill down" value="true"/>
        <Attribute name="keep together" value="true"/>
        <Attribute name="underlay following section" value="true"/>
      </AreaProperties>
      <Section type="PageFooter" count="1" width="11520" height="381" id="3">
        <SectionProperties>
          <Attribute name="drill down" value="true"/>
          <Attribute name="keep together" value="true"/>
        </SectionProperties>
        <Element type="FieldElement" x_position="9106" y_position="90" width="2238" height="261">
          <CommonProperties>
            <Attribute name="horizontal align" value="3"/>
            <Attribute name="keep together" value="true"/>
          </CommonProperties>
          <FontProperties>
            <Attribute name="font name" value="Arial"/>
            <Attribute name="font size" value="200"/>
          </FontProperties>
          <Reference name="field" type="SpecialVarField" id="16"/>
        </Element>
      </Section>
    </Area>
  </AreaPair>
  <AreaPair type="ReportAreaPair" id="0">
    <Area type="ReportHeader" count="1">
      <AreaProperties>
        <Attribute name="drill down" value="true"/>
        <Attribute name="new page before" value="true"/>
        <Attribute name="underlay following section" value="true"/>
      </AreaProperties>
      <Section type="ReportHeader" count="0" width="11520" height="0" id="4">
        <SectionProperties>
          <Attribute name="drill down" value="true"/>
          <Attribute name="suppress" value="true"/>
          <Attribute name="keep together" value="true"/>
        </SectionProperties>
      </Section>
    </Area>
    <Area type="ReportFooter" count="1">
      <AreaProperties>
        <Attribute name="drill down" value="true"/>
        <Attribute name="new page after" value="true"/>
        <Attribute name="underlay following section" value="true"/>
      </AreaProperties>
      <Section type="ReportFooter" count="0" width="11520" height="195" id="5">
        <SectionProperties>
          <Attribute name="drill down" value="true"/>
          <Attribute name="suppress" value="true"/>
          <Attribute name="keep together" value="true"/>
        </SectionProperties>
      </Section>
    </Area>
  </AreaPair>
  <AreaPair type="DetailArea" id="1">
    <Area type="Detail" count="1">
      <AreaProperties>
        <Attribute name="underlay following section" value="true"/>
      </AreaProperties>
      <Section type="Detail" count="4" width="11520" height="475" id="6">
        <SectionProperties>
          <Attribute name="keep together" value="true"/>
        </SectionProperties>
        <Element type="Box" x2_position="8520" y2_position="20" x_position="3120" y_position="30" width="5400" height="530">
          <CommonProperties>
            <Attribute name="keep together" value="true"/>
          </CommonProperties>
          <BoxProperties>
            <Attribute name="close border on page break" value="true"/>
              <LineProperties>
                <Attribute name="id" value="5"/>
              </LineProperties>
          </BoxProperties>
        </Element>
        <Element type="FieldElement" x_position="4295" y_position="120" width="1012" height="225">
          <CommonProperties>
            <Attribute name="keep together" value="true"/>
          </CommonProperties>
          <FontProperties>
            <Attribute name="font name" value="Times New Roman"/>
            <Attribute name="font size" value="200"/>
          </FontProperties>
          <Reference name="field" type="DatabaseField" refname="DUMMY_VW_RSVAWBLST.CSHTYP"/>
        </Element>
        <Element type="FieldElement" x_position="5774" y_position="120" width="2025" height="225">
          <CommonProperties>
            <Attribute name="keep together" value="true"/>
          </CommonProperties>
          <FontProperties>
            <Attribute name="font name" value="Times New Roman"/>
            <Attribute name="font size" value="200"/>
          </FontProperties>
          <Reference name="field" type="DatabaseField" refname="DUMMY_VW_RSVAWBLST.RCPNUM"/>
        </Element>
        <Element type="Text" count="1" x_position="5520" y_position="120" width="93" height="225">
          <CommonProperties>
            <Attribute name="keep together" value="true"/>
          </CommonProperties>
          <Element type="Paragraph" count="1">
            <CommonProperties>
              <Attribute name="horizontal align" value="1"/>
            </CommonProperties>
            <Element type="TextPart">
              <FontProperties>
                <Attribute name="font name" value="Times New Roman"/>
                <Attribute name="font size" value="200"/>
              </FontProperties>
            <![CDATA[-]]>
            </Element>
          </Element>
        </Element>
      </Section>
    </Area>
  </AreaPair>
</inet:Report>
