<?xml version="1.0" encoding="UTF-8" standalone="yes" ?>

<inet:Report xmlns:inet="http://www.inetsoftware.de" major_version="8" minor_version="97" major_xml_version="7" minor_xml_version="9" count="3" id="0">
    <Datasource dll="pdsora7.dll_configuration.dll">
      <DataSourceConfiguration name="pdsora7.dll">
        <property name="supportsWhere" value="true"/>
        <property name="url" value=""/>
        <property name="quotesLowerCase" value="false"/>
        <property name="savePassword" value="true"/>
        <property name="driverClassName" value=""/>
        <property name="user" value=""/>
        <property name="supportsParenthesesForJoin" value="true"/>
        <property name="identifierQuoteString" value=""/>
        <property name="driverLibrary" value=""/>
        <property name="databaseClassName" value=""/>
        <property name="aliasToken" value=" "/>
        <property name="password" value="00E62EF4201EBCB9085C63EBBA3D2C461EE62E63359405DE91E80820074A9CDA4A"/>
        <property name="supportsOrderBy" value="true"/>
        <property name="supportsSQL92" value="true"/>
      </DataSourceConfiguration>
      <Tablesource alias="DUMMY_VW_MRALISTCCA" databaseIdentifier="ICOCTO.DUMMY_VW_MRALISTCCA">
        <Column name="DSN" type="11" />
        <Column name="DSPDATE" type="11" />
        <Column name="GPACOD" type="11" />
        <Column name="GPANAM" type="11" />
        <Column name="CCATYP" type="11" />
        <Column name="ISSDAT" type="11" />
        <Column name="REVDUEARL" type="11" />
        <Column name="REVDUEPSTDBT" type="11" />
        <Column name="CCAREFNUM" type="11" />
        <Column name="CCASTA" type="11" />
        <Column name="CCARMK" type="11" />
        <Column name="ORG" type="11" />
        <Column name="DST" type="11" />
        <Column name="MCAAMT" type="6" />
        <Column name="CONDOCNO" type="11" />
        <Column name="RMK" type="11" />
      </Tablesource>
    </Datasource>
  <Database>
    <QueryChanges mask="0" count="4">
      <Attribute name="queryChange" value="null"/>
      <Attribute name="queryChange" value="null"/>
      <Attribute name="queryChange" value="null"/>
      <Attribute name="queryChange" value="null"/>
    </QueryChanges>
  </Database>
  <FormulaFields count="7">
    <Field type="FormulaField" valueType="6">
      <Attribute name="name" value="RevDueARL"/>
      <Attribute name="shortName" value="RevDueARL"/>
      <Attribute name="formula type" value="0"/>
      <Attribute name="basic syntax" value="false"/>
      <![CDATA[ToNumber ( {DUMMY_VW_MRALISTCCA.REVDUEARL} )]]>
    </Field>
    <Field type="FormulaField" valueType="6">
      <Attribute name="name" value="RevDuePstDbt"/>
      <Attribute name="shortName" value="RevDuePstDbt"/>
      <Attribute name="formula type" value="0"/>
      <Attribute name="basic syntax" value="false"/>
      <![CDATA[ToNumber ( {DUMMY_VW_MRALISTCCA.REVDUEPSTDBT} )]]>
    </Field>
    <Field type="FormulaField" valueType="11">
      <Attribute name="name" value="issueFrmDate"/>
      <Attribute name="shortName" value="issueFrmDate"/>
      <Attribute name="formula type" value="0"/>
      <Attribute name="basic syntax" value="false"/>
      <![CDATA[UpperCase ( {?fromDate} )]]>
    </Field>
    <Field type="FormulaField" valueType="11">
      <Attribute name="name" value="issueTodat"/>
      <Attribute name="shortName" value="issueTodat"/>
      <Attribute name="formula type" value="0"/>
      <Attribute name="basic syntax" value="false"/>
      <![CDATA[UpperCase ( {?toDate} )]]>
    </Field>
    <Field type="FormulaField" valueType="11">
      <Attribute name="name" value="dsnDate"/>
      <Attribute name="shortName" value="dsnDate"/>
      <Attribute name="formula type" value="0"/>
      <Attribute name="basic syntax" value="false"/>
      <![CDATA[UpperCase ( {?dsnDate} )]]>
    </Field>
    <Field type="FormulaField" valueType="11">
      <Attribute name="name" value="despatchDate"/>
      <Attribute name="shortName" value="despatchDate"/>
      <Attribute name="formula type" value="0"/>
      <Attribute name="basic syntax" value="false"/>
      <![CDATA[UpperCase ( {DUMMY_VW_MRALISTCCA.DSPDATE} )]]>
    </Field>
    <Field type="FormulaField" valueType="11">
      <Attribute name="name" value="issueDate"/>
      <Attribute name="shortName" value="issueDate"/>
      <Attribute name="formula type" value="0"/>
      <Attribute name="basic syntax" value="false"/>
      <![CDATA[UpperCase ( {DUMMY_VW_MRALISTCCA.ISSDAT} )]]>
    </Field>
  </FormulaFields>

  <PromptFields count="18">
    <Field type="PromptVarField" valueType="11">
      <Attribute name="name" value="ReportId"/>
      <Attribute name="allow_multiple_values" value="false"/>
      <Attribute name="discrete_or_range" value="0"/>
      <Attribute name="allow editing" value="true"/>
      <Attribute name="description_only" value="false"/>
      <Attribute name="edit mask" value=""/>
      <Attribute name="min range" value="0.0"/>
      <Attribute name="max range" value="0.0"/>
      <Attribute name="prompt_text" value=""/>
      <Attribute name="use_range" value="false"/>
      <Attribute name="id" value="0"/>
      <DefaultPromptValues>
            <DefaultValue value="&#39;&#39;"/>
            <DefaultValue value="&#39;&#39;"/>
      </DefaultPromptValues>
    </Field>
    <Field type="PromptVarField" valueType="11">
      <Attribute name="name" value="StaffId"/>
      <Attribute name="allow_multiple_values" value="false"/>
      <Attribute name="discrete_or_range" value="0"/>
      <Attribute name="allow editing" value="true"/>
      <Attribute name="description_only" value="false"/>
      <Attribute name="edit mask" value=""/>
      <Attribute name="min range" value="0.0"/>
      <Attribute name="max range" value="0.0"/>
      <Attribute name="prompt_text" value=""/>
      <Attribute name="use_range" value="false"/>
      <Attribute name="id" value="1"/>
      <DefaultPromptValues>
            <DefaultValue value="&#39;&#39;"/>
            <DefaultValue value="&#39;&#39;"/>
      </DefaultPromptValues>
    </Field>
    <Field type="PromptVarField" valueType="11">
      <Attribute name="name" value="Station"/>
      <Attribute name="allow_multiple_values" value="false"/>
      <Attribute name="discrete_or_range" value="0"/>
      <Attribute name="allow editing" value="true"/>
      <Attribute name="description_only" value="false"/>
      <Attribute name="edit mask" value=""/>
      <Attribute name="min range" value="0.0"/>
      <Attribute name="max range" value="0.0"/>
      <Attribute name="prompt_text" value=""/>
      <Attribute name="use_range" value="false"/>
      <Attribute name="id" value="2"/>
      <DefaultPromptValues>
            <DefaultValue value="&#39;&#39;"/>
            <DefaultValue value="&#39;&#39;"/>
      </DefaultPromptValues>
    </Field>
    <Field type="PromptVarField" valueType="11">
      <Attribute name="name" value="PrintDate"/>
      <Attribute name="allow_multiple_values" value="false"/>
      <Attribute name="discrete_or_range" value="0"/>
      <Attribute name="allow editing" value="true"/>
      <Attribute name="description_only" value="false"/>
      <Attribute name="edit mask" value=""/>
      <Attribute name="min range" value="0.0"/>
      <Attribute name="max range" value="0.0"/>
      <Attribute name="prompt_text" value=""/>
      <Attribute name="use_range" value="false"/>
      <Attribute name="id" value="500"/>
      <DefaultPromptValues>
            <DefaultValue value="&#39;&#39;"/>
            <DefaultValue value="&#39;&#39;"/>
      </DefaultPromptValues>
    </Field>
    <Field type="PromptVarField" valueType="11">
      <Attribute name="name" value="PrintTime"/>
      <Attribute name="allow_multiple_values" value="false"/>
      <Attribute name="discrete_or_range" value="0"/>
      <Attribute name="allow editing" value="true"/>
      <Attribute name="description_only" value="false"/>
      <Attribute name="edit mask" value=""/>
      <Attribute name="min range" value="0.0"/>
      <Attribute name="max range" value="0.0"/>
      <Attribute name="prompt_text" value=""/>
      <Attribute name="use_range" value="false"/>
      <Attribute name="id" value="501"/>
      <DefaultPromptValues>
            <DefaultValue value="&#39;&#39;"/>
            <DefaultValue value="&#39;&#39;"/>
      </DefaultPromptValues>
    </Field>
    <Field type="PromptVarField" valueType="11">
      <Attribute name="name" value="ccaNo"/>
      <Attribute name="allow_multiple_values" value="false"/>
      <Attribute name="discrete_or_range" value="0"/>
      <Attribute name="allow editing" value="true"/>
      <Attribute name="description_only" value="false"/>
      <Attribute name="edit mask" value=""/>
      <Attribute name="prompt_text" value=""/>
      <Attribute name="use_range" value="false"/>
      <DefaultPromptValues>
            <DefaultValue value="&#39;&#39;"/>
      </DefaultPromptValues>
    </Field>
    <Field type="PromptVarField" valueType="11">
      <Attribute name="name" value="ccaType"/>
      <Attribute name="allow_multiple_values" value="false"/>
      <Attribute name="discrete_or_range" value="0"/>
      <Attribute name="allow editing" value="true"/>
      <Attribute name="description_only" value="false"/>
      <Attribute name="edit mask" value=""/>
      <Attribute name="prompt_text" value=""/>
      <Attribute name="use_range" value="false"/>
      <DefaultPromptValues>
            <DefaultValue value="&#39;&#39;"/>
            <DefaultValue value="&#39;&#39;"/>
      </DefaultPromptValues>
    </Field>
    <Field type="PromptVarField" valueType="11">
      <Attribute name="name" value="dsn"/>
      <Attribute name="allow_multiple_values" value="false"/>
      <Attribute name="discrete_or_range" value="0"/>
      <Attribute name="allow editing" value="true"/>
      <Attribute name="description_only" value="false"/>
      <Attribute name="edit mask" value=""/>
      <Attribute name="prompt_text" value=""/>
      <Attribute name="use_range" value="false"/>
      <DefaultPromptValues>
            <DefaultValue value="&#39;&#39;"/>
            <DefaultValue value="&#39;&#39;"/>
      </DefaultPromptValues>
    </Field>
    <Field type="PromptVarField" valueType="11">
      <Attribute name="name" value="dsnDate"/>
      <Attribute name="allow_multiple_values" value="false"/>
      <Attribute name="discrete_or_range" value="0"/>
      <Attribute name="allow editing" value="true"/>
      <Attribute name="description_only" value="false"/>
      <Attribute name="edit mask" value=""/>
      <Attribute name="prompt_text" value=""/>
      <Attribute name="use_range" value="false"/>
      <DefaultPromptValues>
            <DefaultValue value="&#39;&#39;"/>
            <DefaultValue value="&#39;&#39;"/>
      </DefaultPromptValues>
    </Field>
    <Field type="PromptVarField" valueType="11">
      <Attribute name="name" value="ccaStatus"/>
      <Attribute name="allow_multiple_values" value="false"/>
      <Attribute name="discrete_or_range" value="0"/>
      <Attribute name="allow editing" value="true"/>
      <Attribute name="description_only" value="false"/>
      <Attribute name="edit mask" value=""/>
      <Attribute name="prompt_text" value=""/>
      <Attribute name="use_range" value="false"/>
      <DefaultPromptValues>
            <DefaultValue value="&#39;&#39;"/>
            <DefaultValue value="&#39;&#39;"/>
      </DefaultPromptValues>
    </Field>
    <Field type="PromptVarField" valueType="11">
      <Attribute name="name" value="issueParty"/>
      <Attribute name="allow_multiple_values" value="false"/>
      <Attribute name="discrete_or_range" value="0"/>
      <Attribute name="allow editing" value="true"/>
      <Attribute name="description_only" value="false"/>
      <Attribute name="edit mask" value=""/>
      <Attribute name="prompt_text" value=""/>
      <Attribute name="use_range" value="false"/>
      <DefaultPromptValues>
            <DefaultValue value="&#39;&#39;"/>
            <DefaultValue value="&#39;&#39;"/>
      </DefaultPromptValues>
    </Field>
    <Field type="PromptVarField" valueType="11">
      <Attribute name="name" value="airlineCode"/>
      <Attribute name="allow_multiple_values" value="false"/>
      <Attribute name="discrete_or_range" value="0"/>
      <Attribute name="allow editing" value="true"/>
      <Attribute name="description_only" value="false"/>
      <Attribute name="edit mask" value=""/>
      <Attribute name="prompt_text" value=""/>
      <Attribute name="use_range" value="false"/>
      <DefaultPromptValues>
            <DefaultValue value="&#39;&#39;"/>
            <DefaultValue value="&#39;&#39;"/>
      </DefaultPromptValues>
    </Field>
    <Field type="PromptVarField" valueType="11">
      <Attribute name="name" value="gpaCode"/>
      <Attribute name="allow_multiple_values" value="false"/>
      <Attribute name="discrete_or_range" value="0"/>
      <Attribute name="allow editing" value="true"/>
      <Attribute name="description_only" value="false"/>
      <Attribute name="edit mask" value=""/>
      <Attribute name="prompt_text" value=""/>
      <Attribute name="use_range" value="false"/>
      <DefaultPromptValues>
            <DefaultValue value="&#39;&#39;"/>
            <DefaultValue value="&#39;&#39;"/>
      </DefaultPromptValues>
    </Field>
    <Field type="PromptVarField" valueType="11">
      <Attribute name="name" value="gpaName"/>
      <Attribute name="allow_multiple_values" value="false"/>
      <Attribute name="discrete_or_range" value="0"/>
      <Attribute name="allow editing" value="true"/>
      <Attribute name="description_only" value="false"/>
      <Attribute name="edit mask" value=""/>
      <Attribute name="prompt_text" value=""/>
      <Attribute name="use_range" value="false"/>
      <DefaultPromptValues>
            <DefaultValue value="&#39;&#39;"/>
            <DefaultValue value="&#39;&#39;"/>
      </DefaultPromptValues>
    </Field>
    <Field type="PromptVarField" valueType="11">
      <Attribute name="name" value="fromDate"/>
      <Attribute name="allow_multiple_values" value="false"/>
      <Attribute name="discrete_or_range" value="0"/>
      <Attribute name="allow editing" value="true"/>
      <Attribute name="description_only" value="false"/>
      <Attribute name="edit mask" value=""/>
      <Attribute name="prompt_text" value=""/>
      <Attribute name="use_range" value="false"/>
      <DefaultPromptValues>
            <DefaultValue value="&#39;&#39;"/>
            <DefaultValue value="&#39;&#39;"/>
      </DefaultPromptValues>
    </Field>
    <Field type="PromptVarField" valueType="11">
      <Attribute name="name" value="toDate"/>
      <Attribute name="allow_multiple_values" value="false"/>
      <Attribute name="discrete_or_range" value="0"/>
      <Attribute name="allow editing" value="true"/>
      <Attribute name="description_only" value="false"/>
      <Attribute name="edit mask" value=""/>
      <Attribute name="prompt_text" value=""/>
      <Attribute name="use_range" value="false"/>
      <DefaultPromptValues>
            <DefaultValue value="&#39;&#39;"/>
            <DefaultValue value="&#39;&#39;"/>
      </DefaultPromptValues>
    </Field>
    <Field type="PromptVarField" valueType="11">
      <Attribute name="name" value="origin"/>
      <Attribute name="allow_multiple_values" value="false"/>
      <Attribute name="discrete_or_range" value="0"/>
      <Attribute name="allow editing" value="true"/>
      <Attribute name="description_only" value="false"/>
      <Attribute name="edit mask" value=""/>
      <Attribute name="prompt_text" value=""/>
      <Attribute name="use_range" value="false"/>
    </Field>
    <Field type="PromptVarField" valueType="11">
      <Attribute name="name" value="dest"/>
      <Attribute name="allow_multiple_values" value="false"/>
      <Attribute name="discrete_or_range" value="0"/>
      <Attribute name="allow editing" value="true"/>
      <Attribute name="description_only" value="false"/>
      <Attribute name="edit mask" value=""/>
      <Attribute name="prompt_text" value=""/>
      <Attribute name="use_range" value="false"/>
    </Field>
  </PromptFields>

  <SQLFields count="0">
  </SQLFields>

  <SummaryFields count="2">
    <Field type="SummaryField" valueType="-1">
      <Attribute name="name" value="sum Field 0.37444752"/>
      <Attribute name="operation" value="0"/>
      <Attribute name="summary_nth" value="0"/>
      <Attribute name="summary_type" value="1"/>
      <Attribute name="chartFieldSelect" value="2"/>
      <Attribute name="group number type" value="0"/>
      <Attribute name="show as percent value" value="false"/>
      <Attribute name="execute on db" value="false"/>
    </Field>
    <Field type="SummaryField" valueType="-1">
      <Attribute name="name" value=""/>
      <Attribute name="operation" value="0"/>
      <Attribute name="summary_nth" value="0"/>
      <Attribute name="summary_type" value="1"/>
      <Attribute name="chartFieldSelect" value="2"/>
      <Attribute name="group number type" value="0"/>
      <Attribute name="show as percent value" value="false"/>
      <Attribute name="execute on db" value="false"/>
    </Field>
  </SummaryFields>

  <SortFields count="0">
  </SortFields>

  <GroupNameFields count="0">
  </GroupNameFields>

  <ReportProperties>
    <Attribute name="page width" value="16839"/>
    <Attribute name="page height" value="11907"/>
    <Attribute name="page orientation" value="2"/>
    <Attribute name="page margin left" value="288"/>
    <Attribute name="page margin right" value="144"/>
    <Attribute name="page margin top" value="245"/>
    <Attribute name="page margin bottom" value="144"/>
    <Attribute name="report title" value=""/>
    <Attribute name="report author" value=""/>
    <Attribute name="report keywords" value=""/>
    <Attribute name="report subject" value=""/>
    <Attribute name="report template" value=""/>
    <Attribute name="report comments" value=""/>
    <Attribute name="report last saved" value="14 Jun 2017 12:16:10 GMT"/>
    <Attribute name="report created" value="22 Nov 2005 14:03:43 GMT"/>
    <Attribute name="mailing label type 1" value="User-Defined Label"/>
    <Attribute name="mailing label type 2" value=""/>
    <Attribute name="format with multiple columns" value="false"/>
    <Attribute name="mailing label width" value="0"/>
    <Attribute name="mailing label height" value="0"/>
    <Attribute name="mailing label distance vertical" value="0"/>
    <Attribute name="mailing label distance horizontal" value="0"/>
    <Attribute name="across then down" value="false"/>
    <Attribute name="format groups with multiple columns" value="false"/>
    <Attribute name="distinct" value="false"/>
    <Attribute name="ignore filtering" value="false"/>
    <Attribute name="ignore sorting" value="false"/>
    <Attribute name="convert date time" value="2"/>
    <Attribute name="suppress if no rows" value="false"/>
    <Attribute name="convert null values to default" value="false"/>
    <Attribute name="hide PageFooter inside ReportHeader" value="true"/>
    <Attribute name="form print" value="false"/>
    <Attribute name="printing enabled" value="true"/>
    <Attribute name="clipboard enabled" value="true"/>
    <Attribute name="export enabled" value="true"/>
    <Attribute name="group tree visible" value="true"/>
  </ReportProperties>
  <AreaPair type="PageAreaPair" id="0">
    <Area type="PageHeader" count="3">
      <AreaProperties>
        <Attribute name="drill down" value="true"/>
        <Attribute name="keep together" value="true"/>
        <Attribute name="underlay following section" value="true"/>
      </AreaProperties>
      <Section type="PageHeader" count="16" width="16407" height="2265" id="0">
        <SectionProperties>
          <Attribute name="drill down" value="true"/>
          <Attribute name="keep together" value="true"/>
        </SectionProperties>
        <Element type="Box" x2_position="16185" y2_position="5" x_position="150" y_position="185" width="0" height="0">
          <CommonProperties>
            <Attribute name="keep together" value="true"/>
          </CommonProperties>
          <BoxProperties>
            <Attribute name="close border on page break" value="true"/>
              <LineProperties>
                <Attribute name="id" value="1"/>
              </LineProperties>
          </BoxProperties>
        </Element>
        <Element type="Text" count="1" x_position="12920" y_position="595" width="880" height="226">
          <CommonProperties>
            <Attribute name="keep together" value="true"/>
          </CommonProperties>
          <Element type="Paragraph" count="1">
            <CommonProperties>
              <Attribute name="horizontal align" value="1"/>
            </CommonProperties>
            <Element type="TextPart">
              <FontProperties>
                <Attribute name="font name" value="Arial"/>
                <Attribute name="font size" value="200"/>
              </FontProperties>
            <![CDATA[Date ]]>
            </Element>
          </Element>
        </Element>
        <Element type="Text" count="1" x_position="12920" y_position="960" width="880" height="226">
          <CommonProperties>
            <Attribute name="keep together" value="true"/>
          </CommonProperties>
          <Element type="Paragraph" count="1">
            <CommonProperties>
              <Attribute name="horizontal align" value="1"/>
            </CommonProperties>
            <Element type="TextPart">
              <FontProperties>
                <Attribute name="font name" value="Arial"/>
                <Attribute name="font size" value="200"/>
              </FontProperties>
            <![CDATA[Staff Id]]>
            </Element>
          </Element>
        </Element>
        <Element type="Text" count="1" x_position="12920" y_position="1335" width="880" height="226">
          <CommonProperties>
            <Attribute name="keep together" value="true"/>
          </CommonProperties>
          <Element type="Paragraph" count="1">
            <CommonProperties>
              <Attribute name="horizontal align" value="1"/>
              <Attribute name="keep together" value="true"/>
            </CommonProperties>
            <Element type="TextPart">
              <FontProperties>
                <Attribute name="font name" value="Arial"/>
                <Attribute name="font size" value="200"/>
              </FontProperties>
            <![CDATA[Airport]]>
            </Element>
          </Element>
        </Element>
        <Element type="Text" count="1" x_position="13860" y_position="595" width="120" height="226">
          <CommonProperties>
            <Attribute name="keep together" value="true"/>
            <Attribute name="can grow" value="true"/>
          </CommonProperties>
          <Element type="Paragraph" count="1">
            <CommonProperties>
              <Attribute name="horizontal align" value="1"/>
            </CommonProperties>
            <Element type="TextPart">
              <FontProperties>
                <Attribute name="font name" value="Arial"/>
                <Attribute name="font size" value="200"/>
              </FontProperties>
            <![CDATA[:]]>
            </Element>
          </Element>
        </Element>
        <Element type="Text" count="1" x_position="13860" y_position="960" width="120" height="226">
          <CommonProperties>
            <Attribute name="keep together" value="true"/>
          </CommonProperties>
          <Element type="Paragraph" count="1">
            <CommonProperties>
              <Attribute name="horizontal align" value="1"/>
            </CommonProperties>
            <Element type="TextPart">
              <FontProperties>
                <Attribute name="font name" value="Arial"/>
                <Attribute name="font size" value="200"/>
              </FontProperties>
            <![CDATA[:]]>
            </Element>
          </Element>
        </Element>
        <Element type="Text" count="1" x_position="13860" y_position="1335" width="120" height="226">
          <CommonProperties>
            <Attribute name="keep together" value="true"/>
          </CommonProperties>
          <Element type="Paragraph" count="1">
            <CommonProperties>
              <Attribute name="horizontal align" value="1"/>
            </CommonProperties>
            <Element type="TextPart">
              <FontProperties>
                <Attribute name="font name" value="Arial"/>
                <Attribute name="font size" value="200"/>
              </FontProperties>
            <![CDATA[:]]>
            </Element>
          </Element>
        </Element>
        <Element type="Text" count="1" x_position="4188" y_position="1035" width="5761" height="343">
          <CommonProperties>
            <Attribute name="keep together" value="true"/>
          </CommonProperties>
          <Element type="Paragraph" count="2">
            <CommonProperties>
              <Attribute name="horizontal align" value="2"/>
            </CommonProperties>
            <Element type="TextPart">
              <FontProperties>
                <Attribute name="font name" value="Arial"/>
                <Attribute name="font size" value="280"/>
                <Attribute name="font style" value="1"/>
              </FontProperties>
            <![CDATA[RPTLST283#Title]]>
            </Element>
            <Element type="TextPart">
              <FontProperties>
                <Attribute name="font name" value="Arial"/>
                <Attribute name="font size" value="280"/>
                <Attribute name="font style" value="1"/>
              </FontProperties>
            <![CDATA[]]>
            </Element>
          </Element>
        </Element>
        <Element type="FieldElement" x_position="14040" y_position="960" width="1972" height="226">
          <CommonProperties>
            <Attribute name="horizontal align" value="1"/>
            <Attribute name="keep together" value="true"/>
          </CommonProperties>
          <FontProperties>
            <Attribute name="font name" value="Arial"/>
            <Attribute name="font size" value="200"/>
          </FontProperties>
          <Reference name="field" type="PromptVarField" refname="?StaffId"/>
        </Element>
        <Element type="FieldElement" x_position="14040" y_position="1335" width="1943" height="226">
          <CommonProperties>
            <Attribute name="horizontal align" value="1"/>
            <Attribute name="keep together" value="true"/>
          </CommonProperties>
          <FontProperties>
            <Attribute name="font name" value="Arial"/>
            <Attribute name="font size" value="200"/>
          </FontProperties>
          <Reference name="field" type="PromptVarField" refname="?Station"/>
        </Element>
        <Element type="FieldElement" x_position="14040" y_position="595" width="1289" height="226">
          <CommonProperties>
            <Attribute name="horizontal align" value="1"/>
            <Attribute name="keep together" value="true"/>
          </CommonProperties>
          <FontProperties>
            <Attribute name="font name" value="Arial"/>
            <Attribute name="font size" value="200"/>
          </FontProperties>
          <Reference name="field" type="PromptVarField" refname="?PrintDate"/>
        </Element>
        <Element type="FieldElement" x_position="15350" y_position="595" width="804" height="226">
          <CommonProperties>
            <Attribute name="horizontal align" value="1"/>
            <Attribute name="keep together" value="true"/>
          </CommonProperties>
          <FontProperties>
            <Attribute name="font name" value="Arial"/>
            <Attribute name="font size" value="200"/>
          </FontProperties>
          <Reference name="field" type="PromptVarField" refname="?PrintTime"/>
        </Element>
        <Element type="Picture" x_position="420" y_position="525" width="3405" height="495">
          <PictureProperties>
            <Attribute name="id" value="1"/>
          </PictureProperties>
        </Element>
        <Element type="Text" count="1" x_position="12920" y_position="300" width="879" height="227">
          <Element type="Paragraph" count="2">
            <CommonProperties>
              <Attribute name="horizontal align" value="1"/>
            </CommonProperties>
            <Element type="TextPart">
              <FontProperties>
                <Attribute name="font name" value="Arial"/>
                <Attribute name="font size" value="200"/>
              </FontProperties>
            <![CDATA[]]>
            </Element>
            <Element type="TextPart">
              <FontProperties>
                <Attribute name="font name" value="Arial"/>
                <Attribute name="font size" value="200"/>
              </FontProperties>
            <![CDATA[Report Id]]>
            </Element>
          </Element>
        </Element>
        <Element type="Text" count="1" x_position="13861" y_position="300" width="120" height="226">
          <CommonProperties>
            <Attribute name="keep together" value="true"/>
            <Attribute name="can grow" value="true"/>
          </CommonProperties>
          <Element type="Paragraph" count="1">
            <CommonProperties>
              <Attribute name="horizontal align" value="1"/>
            </CommonProperties>
            <Element type="TextPart">
              <FontProperties>
                <Attribute name="font name" value="Arial"/>
                <Attribute name="font size" value="200"/>
              </FontProperties>
            <![CDATA[:]]>
            </Element>
          </Element>
        </Element>
        <Element type="FieldElement" x_position="14037" y_position="300" width="1200" height="227">
          <CommonProperties>
            <Attribute name="horizontal align" value="1"/>
          </CommonProperties>
          <FontProperties>
            <Attribute name="font name" value="Arial"/>
          </FontProperties>
          <Reference name="field" type="PromptVarField" refname="?ReportId"/>
        </Element>
      </Section>
      <Section type="PageHeader" count="9" width="16407" height="1950" id="1">
        <SectionProperties>
          <Attribute name="drill down" value="true"/>
          <Attribute name="keep together" value="true"/>
        </SectionProperties>
        <Element type="Box" x2_position="16180" y2_position="1200" x_position="140" y_position="375" width="0" height="0">
          <BoxProperties>
            <Attribute name="close border on page break" value="true"/>
          </BoxProperties>
        </Element>
        <Element type="Text" count="1" x_position="600" y_position="750" width="2250" height="300">
          <Element type="Paragraph" count="2">
            <CommonProperties>
              <Attribute name="horizontal align" value="1"/>
            </CommonProperties>
            <Element type="TextPart">
              <FontProperties>
                <Attribute name="font name" value="Arial"/>
                <Attribute name="font size" value="200"/>
              </FontProperties>
            <![CDATA[RPTLST283#FromDate]]>
            </Element>
            <Element type="TextPart">
              <FontProperties>
                <Attribute name="font name" value="Arial"/>
                <Attribute name="font size" value="200"/>
              </FontProperties>
            <![CDATA[]]>
            </Element>
          </Element>
        </Element>
        <Element type="Text" count="1" x_position="5700" y_position="750" width="1950" height="300">
          <Element type="Paragraph" count="2">
            <CommonProperties>
              <Attribute name="horizontal align" value="1"/>
            </CommonProperties>
            <Element type="TextPart">
              <FontProperties>
                <Attribute name="font name" value="Arial"/>
                <Attribute name="font size" value="200"/>
              </FontProperties>
            <![CDATA[RPTLST283#ToDate]]>
            </Element>
            <Element type="TextPart">
              <FontProperties>
                <Attribute name="font name" value="Arial"/>
                <Attribute name="font size" value="200"/>
              </FontProperties>
            <![CDATA[]]>
            </Element>
          </Element>
        </Element>
        <Element type="Text" count="1" x_position="198" y_position="31" width="2802" height="315">
          <Element type="Paragraph" count="2">
            <CommonProperties>
              <Attribute name="horizontal align" value="1"/>
            </CommonProperties>
            <Element type="TextPart">
              <FontProperties>
                <Attribute name="font name" value="Arial"/>
                <Attribute name="font size" value="200"/>
              </FontProperties>
            <![CDATA[]]>
            </Element>
            <Element type="TextPart">
              <FontProperties>
                <Attribute name="font name" value="Arial"/>
                <Attribute name="font size" value="200"/>
                <Attribute name="font style" value="1"/>
              </FontProperties>
            <![CDATA[RPTLST283#SearchCriteria]]>
            </Element>
          </Element>
        </Element>
        <Element type="Text" count="1" x_position="3000" y_position="750" width="120" height="226">
          <CommonProperties>
            <Attribute name="keep together" value="true"/>
          </CommonProperties>
          <Element type="Paragraph" count="1">
            <CommonProperties>
              <Attribute name="horizontal align" value="2"/>
            </CommonProperties>
            <Element type="TextPart">
              <FontProperties>
                <Attribute name="font name" value="Arial"/>
                <Attribute name="font size" value="200"/>
              </FontProperties>
            <![CDATA[:]]>
            </Element>
          </Element>
        </Element>
        <Element type="Text" count="1" x_position="7800" y_position="750" width="150" height="226">
          <CommonProperties>
            <Attribute name="keep together" value="true"/>
          </CommonProperties>
          <Element type="Paragraph" count="1">
            <CommonProperties>
              <Attribute name="horizontal align" value="1"/>
            </CommonProperties>
            <Element type="TextPart">
              <FontProperties>
                <Attribute name="font name" value="Arial"/>
                <Attribute name="font size" value="200"/>
              </FontProperties>
            <![CDATA[:]]>
            </Element>
          </Element>
        </Element>
        <Element type="Text" count="1" x_position="150" y_position="1500" width="2758" height="315">
          <Element type="Paragraph" count="2">
            <CommonProperties>
              <Attribute name="horizontal align" value="1"/>
            </CommonProperties>
            <Element type="TextPart">
              <FontProperties>
                <Attribute name="font name" value="Arial"/>
                <Attribute name="font size" value="200"/>
              </FontProperties>
            <![CDATA[]]>
            </Element>
            <Element type="TextPart">
              <FontProperties>
                <Attribute name="font name" value="Arial"/>
                <Attribute name="font size" value="200"/>
                <Attribute name="font style" value="1"/>
              </FontProperties>
            <![CDATA[RPTLST283#CCADetails]]>
            </Element>
          </Element>
        </Element>
        <Element type="FieldElement" x_position="3450" y_position="750" width="1650" height="240">
          <CommonProperties>
            <Attribute name="horizontal align" value="1"/>
          </CommonProperties>
          <FontProperties>
            <Attribute name="font name" value="Arial"/>
            <Attribute name="font size" value="200"/>
          </FontProperties>
          <Reference name="field" type="FormulaField" refname="@issueFrmDate"/>
        </Element>
        <Element type="FieldElement" x_position="8250" y_position="750" width="1762" height="240">
          <CommonProperties>
            <Attribute name="horizontal align" value="1"/>
          </CommonProperties>
          <FontProperties>
            <Attribute name="font name" value="Arial"/>
            <Attribute name="font size" value="200"/>
          </FontProperties>
          <Reference name="field" type="FormulaField" refname="@issueTodat"/>
        </Element>
      </Section>
      <Section type="PageHeader" count="24" width="16407" height="812" id="2">
        <SectionProperties>
          <Attribute name="drill down" value="true"/>
          <Attribute name="keep together" value="true"/>
        </SectionProperties>
        <Element type="Box" x2_position="16193" y2_position="812" x_position="145" y_position="24" width="0" height="0">
          <CommonProperties>
            <Attribute name="keep together" value="true"/>
          </CommonProperties>
          <BoxProperties>
            <Attribute name="background color" value="12632256"/>
            <Attribute name="close border on page break" value="true"/>
          </BoxProperties>
        </Element>
        <Element type="Text" count="1" x_position="3216" y_position="147" width="1409" height="252">
          <Element type="Paragraph" count="2">
            <CommonProperties>
              <Attribute name="horizontal align" value="2"/>
            </CommonProperties>
            <Element type="TextPart">
              <FontProperties>
                <Attribute name="font name" value="Arial"/>
                <Attribute name="font size" value="200"/>
              </FontProperties>
            <![CDATA[RPTLST283#DSN]]>
            </Element>
            <Element type="TextPart">
              <FontProperties>
                <Attribute name="font name" value="Arial"/>
                <Attribute name="font size" value="200"/>
              </FontProperties>
            <![CDATA[]]>
            </Element>
          </Element>
        </Element>
        <Element type="Text" count="1" x_position="8702" y_position="159" width="992" height="430">
          <Element type="Paragraph" count="1">
            <CommonProperties>
              <Attribute name="horizontal align" value="1"/>
            </CommonProperties>
            <Element type="TextPart">
              <FontProperties>
                <Attribute name="font name" value="Arial"/>
                <Attribute name="font size" value="200"/>
              </FontProperties>
            <![CDATA[RPTLST283#GPACode]]>
            </Element>
          </Element>
        </Element>
        <Element type="Text" count="1" x_position="9781" y_position="174" width="1137" height="438">
          <Element type="Paragraph" count="1">
            <CommonProperties>
              <Attribute name="horizontal align" value="1"/>
            </CommonProperties>
            <Element type="TextPart">
              <FontProperties>
                <Attribute name="font name" value="Arial"/>
                <Attribute name="font size" value="200"/>
              </FontProperties>
            <![CDATA[RPTLST283#GPAName]]>
            </Element>
          </Element>
        </Element>
        <Element type="Text" count="1" x_position="4886" y_position="154" width="917" height="245">
          <Element type="Paragraph" count="2">
            <CommonProperties>
              <Attribute name="horizontal align" value="2"/>
            </CommonProperties>
            <Element type="TextPart">
              <FontProperties>
                <Attribute name="font name" value="Arial"/>
                <Attribute name="font size" value="200"/>
              </FontProperties>
            <![CDATA[]]>
            </Element>
            <Element type="TextPart">
              <FontProperties>
                <Attribute name="font name" value="Arial"/>
                <Attribute name="font size" value="200"/>
              </FontProperties>
            <![CDATA[RPTLST283#origin]]>
            </Element>
          </Element>
        </Element>
        <Element type="Text" count="1" x_position="5761" y_position="154" width="1256" height="280">
          <Element type="Paragraph" count="2">
            <CommonProperties>
              <Attribute name="horizontal align" value="2"/>
            </CommonProperties>
            <Element type="TextPart">
              <FontProperties>
                <Attribute name="font name" value="Arial"/>
                <Attribute name="font size" value="200"/>
              </FontProperties>
            <![CDATA[]]>
            </Element>
            <Element type="TextPart">
              <FontProperties>
                <Attribute name="font name" value="Arial"/>
                <Attribute name="font size" value="200"/>
              </FontProperties>
            <![CDATA[RPTLST283#Destination]]>
            </Element>
          </Element>
        </Element>
        <Element type="Text" count="1" x_position="1655" y_position="124" width="1403" height="273">
          <Element type="Paragraph" count="1">
            <CommonProperties>
              <Attribute name="horizontal align" value="2"/>
            </CommonProperties>
            <Element type="TextPart">
              <FontProperties>
                <Attribute name="font name" value="Arial"/>
                <Attribute name="font size" value="200"/>
              </FontProperties>
            <![CDATA[RPTLST283#IssueDate]]>
            </Element>
          </Element>
        </Element>
        <Element type="Text" count="1" x_position="135" y_position="109" width="1379" height="224">
          <CommonProperties>
            <Attribute name="keep together" value="true"/>
          </CommonProperties>
          <Element type="Paragraph" count="2">
            <CommonProperties>
              <Attribute name="horizontal align" value="2"/>
              <Attribute name="keep together" value="true"/>
            </CommonProperties>
            <Element type="TextPart">
              <FontProperties>
                <Attribute name="font name" value="Arial"/>
                <Attribute name="font size" value="200"/>
              </FontProperties>
            <![CDATA[]]>
            </Element>
            <Element type="TextPart">
              <FontProperties>
                <Attribute name="font name" value="Arial"/>
                <Attribute name="font size" value="200"/>
              </FontProperties>
            <![CDATA[RPTLST283#CCANum]]>
            </Element>
          </Element>
        </Element>
        <Element type="Text" count="1" x_position="13356" y_position="154" width="1485" height="280">
          <CommonProperties>
            <Attribute name="keep together" value="true"/>
          </CommonProperties>
          <Element type="Paragraph" count="2">
            <CommonProperties>
              <Attribute name="horizontal align" value="2"/>
              <Attribute name="keep together" value="true"/>
            </CommonProperties>
            <Element type="TextPart">
              <FontProperties>
                <Attribute name="font name" value="Arial"/>
                <Attribute name="font size" value="200"/>
              </FontProperties>
            <![CDATA[RPTLST283#CCABillStatus]]>
            </Element>
            <Element type="TextPart">
              <FontProperties>
                <Attribute name="font name" value="Arial"/>
                <Attribute name="font size" value="200"/>
              </FontProperties>
            <![CDATA[]]>
            </Element>
          </Element>
        </Element>
        <Element type="Text" count="1" x_position="14952" y_position="154" width="1183" height="308">
          <CommonProperties>
            <Attribute name="keep together" value="true"/>
          </CommonProperties>
          <Element type="Paragraph" count="2">
            <CommonProperties>
              <Attribute name="horizontal align" value="2"/>
              <Attribute name="keep together" value="true"/>
            </CommonProperties>
            <Element type="TextPart">
              <FontProperties>
                <Attribute name="font name" value="Arial"/>
                <Attribute name="font size" value="200"/>
              </FontProperties>
            <![CDATA[RPTLST283#Remarks]]>
            </Element>
            <Element type="TextPart">
              <FontProperties>
                <Attribute name="font name" value="Arial"/>
                <Attribute name="font size" value="200"/>
              </FontProperties>
            <![CDATA[]]>
            </Element>
          </Element>
        </Element>
        <Element type="Text" count="1" x_position="11492" y_position="152" width="1565" height="213">
          <Element type="Paragraph" count="1">
            <CommonProperties>
              <Attribute name="horizontal align" value="2"/>
            </CommonProperties>
            <Element type="TextPart">
              <FontProperties>
                <Attribute name="font name" value="Arial"/>
                <Attribute name="font size" value="200"/>
              </FontProperties>
            <![CDATA[RPTLST283#mcaamt]]>
            </Element>
          </Element>
        </Element>
        <Element type="Text" count="1" x_position="7231" y_position="139" width="1271" height="370">
          <Element type="Paragraph" count="2">
            <CommonProperties>
              <Attribute name="horizontal align" value="2"/>
            </CommonProperties>
            <Element type="TextPart">
              <FontProperties>
                <Attribute name="font name" value="Arial"/>
                <Attribute name="font size" value="200"/>
              </FontProperties>
            <![CDATA[]]>
            </Element>
            <Element type="TextPart">
              <FontProperties>
                <Attribute name="font name" value="Arial"/>
                <Attribute name="font size" value="200"/>
              </FontProperties>
            <![CDATA[RPTLST283#condoc]]>
            </Element>
          </Element>
        </Element>
        <Element type="Line" x2_position="16160" y2_position="349" x_position="16160" y_position="16" width="0" height="0">
          <CommonProperties>
            <Attribute name="keep together" value="true"/>
          </CommonProperties>
          <LineProperties>
            <Attribute name="expand to bottom of page when printing" value="true"/>
            <Attribute name="id" value="6"/>
          </LineProperties>
        </Element>
        <Element type="Box" x2_position="16193" y2_position="164" x_position="145" y_position="803" width="0" height="0">
          <CommonProperties>
            <Attribute name="keep together" value="true"/>
          </CommonProperties>
          <BoxProperties>
            <Attribute name="close border on page break" value="true"/>
              <LineProperties>
                <Attribute name="id" value="7"/>
              </LineProperties>
          </BoxProperties>
        </Element>
        <Element type="Line" x2_position="7089" y2_position="171" x_position="7089" y_position="46" width="0" height="0">
          <CommonProperties>
            <Attribute name="keep together" value="true"/>
          </CommonProperties>
          <LineProperties>
            <Attribute name="id" value="7"/>
          </LineProperties>
        </Element>
        <Element type="Line" x2_position="9733" y2_position="164" x_position="9733" y_position="16" width="0" height="0">
          <CommonProperties>
            <Attribute name="keep together" value="true"/>
          </CommonProperties>
          <LineProperties>
            <Attribute name="id" value="7"/>
          </LineProperties>
        </Element>
        <Element type="Line" x2_position="11459" y2_position="163" x_position="11459" y_position="53" width="0" height="0">
          <CommonProperties>
            <Attribute name="keep together" value="true"/>
          </CommonProperties>
          <LineProperties>
            <Attribute name="id" value="7"/>
          </LineProperties>
        </Element>
        <Element type="Line" x2_position="13131" y2_position="163" x_position="13131" y_position="16" width="0" height="0">
          <CommonProperties>
            <Attribute name="keep together" value="true"/>
          </CommonProperties>
          <LineProperties>
            <Attribute name="id" value="7"/>
          </LineProperties>
        </Element>
        <Element type="Line" x2_position="14931" y2_position="167" x_position="14931" y_position="39" width="0" height="0">
          <CommonProperties>
            <Attribute name="keep together" value="true"/>
          </CommonProperties>
          <LineProperties>
            <Attribute name="id" value="7"/>
          </LineProperties>
        </Element>
        <Element type="Line" x2_position="3158" y2_position="167" x_position="3158" y_position="40" width="0" height="0">
          <CommonProperties>
            <Attribute name="keep together" value="true"/>
          </CommonProperties>
          <LineProperties>
            <Attribute name="id" value="7"/>
          </LineProperties>
        </Element>
        <Element type="Line" x2_position="5868" y2_position="166" x_position="5868" y_position="48" width="0" height="0">
          <CommonProperties>
            <Attribute name="keep together" value="true"/>
          </CommonProperties>
          <LineProperties>
            <Attribute name="id" value="7"/>
          </LineProperties>
        </Element>
        <Element type="Line" x2_position="8686" y2_position="168" x_position="8686" y_position="53" width="0" height="0">
          <CommonProperties>
            <Attribute name="keep together" value="true"/>
          </CommonProperties>
          <LineProperties>
            <Attribute name="id" value="7"/>
          </LineProperties>
        </Element>
        <Element type="Line" x2_position="4696" y2_position="169" x_position="4696" y_position="38" width="0" height="0">
          <CommonProperties>
            <Attribute name="keep together" value="true"/>
          </CommonProperties>
          <LineProperties>
            <Attribute name="id" value="7"/>
          </LineProperties>
        </Element>
        <Element type="Line" x2_position="1584" y2_position="150" x_position="1584" y_position="67" width="0" height="0">
          <CommonProperties>
            <Attribute name="keep together" value="true"/>
          </CommonProperties>
          <LineProperties>
            <Attribute name="id" value="7"/>
          </LineProperties>
        </Element>
      </Section>
    </Area>
    <Area type="PageFooter" count="1">
      <AreaProperties>
        <Attribute name="drill down" value="true"/>
        <Attribute name="print at bottom of page" value="true"/>
        <Attribute name="new page after" value="true"/>
        <Attribute name="keep together" value="true"/>
        <Attribute name="underlay following section" value="true"/>
      </AreaProperties>
      <Section type="PageFooter" count="1" width="16407" height="381" id="3">
        <SectionProperties>
          <Attribute name="drill down" value="true"/>
          <Attribute name="keep together" value="true"/>
        </SectionProperties>
        <Element type="FieldElement" x_position="13920" y_position="120" width="2238" height="261">
          <CommonProperties>
            <Attribute name="horizontal align" value="3"/>
            <Attribute name="keep together" value="true"/>
          </CommonProperties>
          <FontProperties>
            <Attribute name="font name" value="Arial"/>
            <Attribute name="font size" value="200"/>
          </FontProperties>
          <Reference name="field" type="SpecialVarField" id="16"/>
        </Element>
      </Section>
    </Area>
  </AreaPair>

  <AreaPair type="ReportAreaPair" id="0">
    <Area type="ReportHeader" count="1">
      <AreaProperties>
        <Attribute name="drill down" value="true"/>
        <Attribute name="new page before" value="true"/>
        <Attribute name="underlay following section" value="true"/>
      </AreaProperties>
      <Section type="ReportHeader" count="0" width="16407" height="0" id="4">
        <SectionProperties>
          <Attribute name="drill down" value="true"/>
          <Attribute name="suppress" value="true"/>
          <Attribute name="keep together" value="true"/>
        </SectionProperties>
      </Section>
    </Area>
    <Area type="ReportFooter" count="1">
      <AreaProperties>
        <Attribute name="drill down" value="true"/>
        <Attribute name="suppress" value="true"/>
        <Attribute name="new page after" value="true"/>
        <Attribute name="underlay following section" value="true"/>
      </AreaProperties>
      <Section type="ReportFooter" count="0" width="16407" height="360" id="5">
        <SectionProperties>
          <Attribute name="drill down" value="true"/>
          <Attribute name="suppress" value="true"/>
          <Attribute name="keep together" value="true"/>
        </SectionProperties>
      </Section>
    </Area>
  </AreaPair>

  <AreaPair type="DetailArea" id="1">
    <Area type="Detail" count="2">
      <AreaProperties>
        <Attribute name="underlay following section" value="true"/>
      </AreaProperties>
      <Section type="Detail" count="11" width="16407" height="511" id="6">
        <SectionProperties>
          <Attribute name="keep together" value="true"/>
        </SectionProperties>
        <Element type="FieldElement" x_position="3180" y_position="40" width="1230" height="240">
          <CommonProperties>
            <Attribute name="horizontal align" value="2"/>
          </CommonProperties>
          <FontProperties>
            <Attribute name="font name" value="Arial"/>
            <Attribute name="font size" value="200"/>
          </FontProperties>
          <Reference name="field" type="DatabaseField" refname="DUMMY_VW_MRALISTCCA.DSN"/>
        </Element>
        <Element type="FieldElement" x_position="8910" y_position="25" width="750" height="240">
          <CommonProperties>
            <Attribute name="horizontal align" value="2"/>
          </CommonProperties>
          <FontProperties>
            <Attribute name="font name" value="Arial"/>
            <Attribute name="font size" value="200"/>
          </FontProperties>
          <Reference name="field" type="DatabaseField" refname="DUMMY_VW_MRALISTCCA.GPACOD"/>
        </Element>
        <Element type="FieldElement" x_position="9755" y_position="40" width="1621" height="240">
          <CommonProperties>
            <Attribute name="horizontal align" value="1"/>
            <Attribute name="can grow" value="true"/>
          </CommonProperties>
          <FontProperties>
            <Attribute name="font name" value="Arial"/>
            <Attribute name="font size" value="200"/>
          </FontProperties>
          <Reference name="field" type="DatabaseField" refname="DUMMY_VW_MRALISTCCA.GPANAM"/>
        </Element>
        <Element type="FieldElement" x_position="131" y_position="40" width="1366" height="240">
          <CommonProperties>
            <Attribute name="horizontal align" value="2"/>
          </CommonProperties>
          <FontProperties>
            <Attribute name="font name" value="Arial"/>
            <Attribute name="font size" value="200"/>
          </FontProperties>
          <Reference name="field" type="DatabaseField" refname="DUMMY_VW_MRALISTCCA.CCAREFNUM"/>
        </Element>
        <Element type="FieldElement" x_position="13355" y_position="40" width="1470" height="240">
          <CommonProperties>
            <Attribute name="horizontal align" value="2"/>
          </CommonProperties>
          <FontProperties>
            <Attribute name="font name" value="Arial"/>
            <Attribute name="font size" value="200"/>
          </FontProperties>
          <Reference name="field" type="DatabaseField" refname="DUMMY_VW_MRALISTCCA.CCASTA"/>
        </Element>
        <Element type="FieldElement" x_position="14985" y_position="40" width="1155" height="240">
          <CommonProperties>
            <Attribute name="horizontal align" value="2"/>
            <Attribute name="can grow" value="true"/>
          </CommonProperties>
          <FontProperties>
            <Attribute name="font name" value="Arial"/>
            <Attribute name="font size" value="200"/>
          </FontProperties>
          <Reference name="field" type="DatabaseField" refname="DUMMY_VW_MRALISTCCA.CCARMK"/>
        </Element>
        <Element type="FieldElement" x_position="1650" y_position="40" width="1508" height="240">
          <CommonProperties>
            <Attribute name="horizontal align" value="1"/>
          </CommonProperties>
          <FontProperties>
            <Attribute name="font name" value="Arial"/>
            <Attribute name="font size" value="200"/>
          </FontProperties>
          <Reference name="field" type="FormulaField" refname="@issueDate"/>
        </Element>
        <Element type="FieldElement" x_position="4966" y_position="40" width="533" height="240">
          <CommonProperties>
            <Attribute name="horizontal align" value="1"/>
            <Attribute name="can grow" value="true"/>
          </CommonProperties>
          <FontProperties>
            <Attribute name="font name" value="Arial"/>
            <Attribute name="font size" value="200"/>
          </FontProperties>
          <Reference name="field" type="DatabaseField" refname="DUMMY_VW_MRALISTCCA.ORG"/>
        </Element>
        <Element type="FieldElement" x_position="6233" y_position="40" width="495" height="240">
          <CommonProperties>
            <Attribute name="horizontal align" value="1"/>
            <Attribute name="can grow" value="true"/>
          </CommonProperties>
          <FontProperties>
            <Attribute name="font name" value="Arial"/>
            <Attribute name="font size" value="200"/>
          </FontProperties>
          <Reference name="field" type="DatabaseField" refname="DUMMY_VW_MRALISTCCA.DST"/>
        </Element>
        <Element type="FieldElement" x_position="11498" y_position="25" width="1500" height="240">
          <CommonProperties>
            <Attribute name="horizontal align" value="1"/>
            <Attribute name="can grow" value="true"/>
            <Attribute name="can grow count" value="1"/>
          </CommonProperties>
          <FontProperties>
            <Attribute name="font name" value="Arial"/>
            <Attribute name="font size" value="200"/>
          </FontProperties>
          <NumberProperties>
            <Attribute name="n decimal places" value="4"/>
            <Attribute name="thousand seperators symbol" value=","/>
            <Attribute name="decimal seperators symbol" value="."/>
            <Attribute name="currency symbol" value="Rs."/>
          </NumberProperties>
          <Reference name="field" type="DatabaseField" refname="DUMMY_VW_MRALISTCCA.MCAAMT"/>
        </Element>
        <Element type="FieldElement" x_position="7096" y_position="33" width="1576" height="240">
          <CommonProperties>
            <Attribute name="horizontal align" value="1"/>
            <Attribute name="can grow" value="true"/>
          </CommonProperties>
          <FontProperties>
            <Attribute name="font name" value="Arial"/>
            <Attribute name="font size" value="200"/>
          </FontProperties>
          <Reference name="field" type="DatabaseField" refname="DUMMY_VW_MRALISTCCA.CONDOCNO"/>
        </Element>
      </Section>
      <Section type="Detail" count="0" width="16407" height="606" id="7">
        <SectionProperties>
          <Attribute name="suppress" value="true"/>
        </SectionProperties>
      </Section>
    </Area>
  </AreaPair>

<Image count="3018" name="embedding 1">
<![CDATA[
-1 -40 -1 -32 0 16 74 70 73 70 0 1 1 1 0 96 0 96 0 0 -1 -37 0 67 0 8 6 6 7 6 5 8 7 
7 7 9 9 8 10 12 20 13 12 11 11 12 25 18 19 15 20 29 26 31 30 29 26 28 28 32 36 46 39 32 34 
44 35 28 28 40 55 41 44 48 49 52 52 52 31 39 57 61 56 50 60 46 51 52 50 -1 -37 0 67 1 9 9 9 
12 11 12 24 13 13 24 50 33 28 33 50 50 50 50 50 50 50 50 50 50 50 50 50 50 50 50 50 50 50 50 50 
50 50 50 50 50 50 50 50 50 50 50 50 50 50 50 50 50 50 50 50 50 50 50 50 50 50 50 50 50 -1 -64 0 
17 8 0 33 0 -29 3 1 34 0 2 17 1 3 17 1 -1 -60 0 31 0 0 1 5 1 1 1 1 1 1 0 0 
0 0 0 0 0 0 1 2 3 4 5 6 7 8 9 10 11 -1 -60 0 -75 16 0 2 1 3 3 2 4 3 5 5 
4 4 0 0 1 125 1 2 3 0 4 17 5 18 33 49 65 6 19 81 97 7 34 113 20 50 -127 -111 -95 8 35 66 
-79 -63 21 82 -47 -16 36 51 98 114 -126 9 10 22 23 24 25 26 37 38 39 40 41 42 52 53 54 55 56 57 58 67 
68 69 70 71 72 73 74 83 84 85 86 87 88 89 90 99 100 101 102 103 104 105 106 115 116 117 118 119 120 121 122 -125 
-124 -123 -122 -121 -120 -119 -118 -110 -109 -108 -107 -106 -105 -104 -103 -102 -94 -93 -92 -91 -90 -89 -88 -87 -86 -78 -77 -76 -75 -74 -73 -72 
-71 -70 -62 -61 -60 -59 -58 -57 -56 -55 -54 -46 -45 -44 -43 -42 -41 -40 -39 -38 -31 -30 -29 -28 -27 -26 -25 -24 -23 -22 -15 -14 
-13 -12 -11 -10 -9 -8 -7 -6 -1 -60 0 31 1 0 3 1 1 1 1 1 1 1 1 1 0 0 0 0 0 0 1 2 
3 4 5 6 7 8 9 10 11 -1 -60 0 -75 17 0 2 1 2 4 4 3 4 7 5 4 4 0 1 2 119 0 1 
2 3 17 4 5 33 49 6 18 65 81 7 97 113 19 34 50 -127 8 20 66 -111 -95 -79 -63 9 35 51 82 -16 21 98 
114 -47 10 22 36 52 -31 37 -15 23 24 25 26 38 39 40 41 42 53 54 55 56 57 58 67 68 69 70 71 72 73 74 
83 84 85 86 87 88 89 90 99 100 101 102 103 104 105 106 115 116 117 118 119 120 121 122 -126 -125 -124 -123 -122 -121 -120 -119 
-118 -110 -109 -108 -107 -106 -105 -104 -103 -102 -94 -93 -92 -91 -90 -89 -88 -87 -86 -78 -77 -76 -75 -74 -73 -72 -71 -70 -62 -61 -60 -59 
-58 -57 -56 -55 -54 -46 -45 -44 -43 -42 -41 -40 -39 -38 -30 -29 -28 -27 -26 -25 -24 -23 -22 -14 -13 -12 -11 -10 -9 -8 -7 -6 
-1 -38 0 12 3 1 0 2 17 3 17 0 63 0 -31 39 102 19 -56 3 55 -34 60 103 -34 -102 76 -128 2 75 -128 122 
18 122 -46 -36 115 113 40 61 11 17 -6 -41 125 -29 124 -1 0 -62 -67 -16 89 -25 -104 15 78 -1 0 34 -41 -45 84 -87 
-53 56 -57 -71 -27 -58 55 77 -98 127 -67 -1 0 -25 -93 126 116 -101 -33 -5 -19 -7 -42 -34 -99 -32 -17 16 -22 -106 75 119 
105 -91 79 44 12 50 -84 118 -82 -15 -22 -96 -112 91 -16 -51 99 -49 111 53 -84 -17 111 113 19 67 60 103 107 -58 -22 85 
-125 99 -90 13 84 106 66 78 -55 -111 102 -75 27 -67 -69 -69 126 116 22 -112 96 -110 -32 30 -103 53 -65 7 -127 124 79 115 
99 -10 -88 -76 107 -125 17 25 1 -103 21 -104 123 41 57 63 -107 110 120 -63 60 -97 -121 -66 14 -114 85 33 -107 100 12 -84 
112 65 24 -56 -10 -84 -27 -120 -126 -110 81 119 52 -116 29 -82 -50 19 123 -15 -13 -79 -49 78 104 79 54 71 8 -98 99 57 
-24 -85 -110 79 -32 43 -86 -15 38 -113 20 -34 41 -80 -45 52 -51 18 109 41 -18 99 -115 4 23 12 9 98 -60 -82 -14 1 
61 62 -67 -115 116 122 -58 -69 103 -16 -25 26 23 -121 109 -95 -109 81 88 -63 -69 -65 -103 11 -112 -60 103 3 29 125 113 -37 
53 50 -60 -73 104 -63 93 -80 84 -6 -74 121 -76 -80 -35 91 -111 -25 69 60 89 -23 -26 43 47 -13 -90 111 124 -97 -99 -8 
-9 -82 -5 78 -8 -89 123 113 33 -76 -15 45 -83 -82 -91 -89 -53 -14 -54 -85 16 12 -93 -44 14 -121 -23 -57 -42 -72 109 66 
91 73 -75 25 -34 -62 23 -122 -43 -33 48 -60 -57 37 23 -80 -49 111 -91 93 42 -110 -108 -83 53 96 113 93 8 119 -71 -2 
54 -4 -23 55 -72 -2 54 -4 -21 -96 -74 -16 63 -119 -17 44 -123 -36 58 45 -63 -128 -14 -91 -118 -87 97 -22 20 -112 -57 -14 
-84 41 -95 -106 -38 -31 -32 -98 38 -118 120 -50 26 55 82 -84 15 -95 21 -92 106 66 82 -76 93 -56 -77 67 119 -74 57 -111 
-65 19 66 -103 88 -112 -91 -55 29 118 -100 -41 69 -31 109 22 -46 -18 59 -67 87 85 98 52 -37 17 -105 3 -2 90 55 93 
-65 -25 -42 -83 -49 -29 -5 -40 -40 -61 -90 -39 89 -39 -38 -114 18 63 43 39 -15 -19 -8 -44 -71 -35 -38 36 93 -100 -106 -10 
-58 124 -58 -58 61 105 55 -65 -9 -37 -13 -85 86 58 101 -10 -85 55 -107 101 107 37 -60 -99 91 96 24 95 -87 -24 59 84 
-9 -6 6 -85 -91 -58 36 -67 -78 -106 40 -119 -58 -4 -122 92 -3 69 90 -110 -40 119 51 -117 -74 9 -13 27 -113 122 55 -73 
-9 -37 -2 -6 -85 -10 -102 30 -87 125 4 115 -38 88 -51 52 114 49 84 120 -64 -27 -121 81 93 22 -119 -95 91 -23 86 -73 
-70 -42 -65 6 99 -77 -105 -54 -114 -37 -125 -67 -8 -22 59 -14 64 -4 -3 42 101 81 45 -124 -28 114 105 21 -53 -95 116 -114 
114 -93 -8 -126 -100 126 117 30 -9 -49 18 55 -25 93 83 -4 66 -41 60 -16 96 91 123 120 -121 -35 -127 98 4 40 -12 -49 
-8 98 -86 120 -125 95 -45 -11 -37 24 38 -2 -49 22 -6 -96 63 -68 -102 51 -124 101 -10 -11 61 50 15 79 90 81 -108 -81 
-86 5 46 -26 6 -25 -1 0 -98 -115 -113 -83 27 -97 -5 -19 -7 -43 -101 29 46 -5 83 -103 -94 -79 -76 -106 -31 -64 -55 -40 
-68 15 -87 -24 42 93 71 66 -44 -12 -123 13 127 101 44 40 78 4 -104 -36 -103 -12 -56 -30 -81 -102 55 -77 29 -47 67 123 
-1 0 125 -65 58 55 -65 -9 -37 -13 -92 -93 -72 -86 6 122 -33 -61 -58 39 -62 -128 -110 79 -6 67 -11 63 74 -22 -121 94 
-11 -54 124 58 63 -15 74 15 123 -121 -2 -107 -41 33 85 110 80 56 -63 -29 56 -81 58 110 -51 -100 -14 -36 103 62 -1 0 
-107 59 99 -104 -52 -104 33 126 -23 -49 -83 90 67 12 -79 -77 -101 120 -47 59 49 98 70 112 56 -6 -11 -88 -82 -103 -124 -83 
31 1 16 -19 80 51 -118 -59 78 -18 -61 113 105 94 -25 -107 -8 -80 -111 -30 107 -64 27 3 41 -64 31 -20 45 20 -98 45 
-57 -4 36 -9 -100 119 79 -3 1 104 -82 -43 -79 -94 103 25 63 55 18 127 -65 -3 107 -46 124 69 4 87 94 20 -8 121 
111 40 6 57 74 35 2 59 16 -125 -6 -41 -102 -52 -32 92 73 -109 -58 -1 0 -21 93 101 -1 0 -116 44 -18 -12 -33 10 
-38 -83 -67 -64 109 25 -107 -90 -32 126 -13 27 120 94 127 -39 -93 19 9 74 81 113 58 105 -76 -81 115 79 -30 71 -120 -75 
123 15 26 77 103 97 -88 79 107 5 -108 113 -84 49 67 33 69 -5 -127 -71 3 -122 -21 -33 -80 -82 -94 -26 -62 -45 86 -8 
-123 -31 75 -53 -56 -93 103 -72 -45 -102 -30 65 -114 37 -111 84 21 -56 -17 -116 -109 -8 87 -104 120 -61 92 -125 -60 126 37 -68 
-44 -19 -47 -29 -114 96 -128 44 -124 3 -62 -123 -25 -14 -83 61 103 -58 -30 -30 -9 -61 -41 -102 104 123 123 -115 42 1 17 121 
-128 -61 -112 0 61 -2 -23 0 -113 -58 -71 -34 30 124 -111 -27 90 -37 82 -7 -43 -35 -54 -6 -33 -116 124 67 63 -120 110 -18 
6 -89 119 106 99 -99 -46 56 82 82 -117 24 12 64 4 14 59 12 -42 -41 -115 -34 83 -32 79 8 25 -97 -9 -17 28 -110 
-80 -32 19 -69 105 -50 63 26 89 -68 81 -32 61 90 127 -19 61 83 -61 -41 75 -88 55 50 44 50 3 20 -115 -22 78 -31 
-4 -85 -102 -15 95 -118 110 60 81 -87 -83 -44 -120 45 -19 -95 79 46 -34 5 63 -22 -41 -65 -79 39 -4 61 41 -58 18 -109 
73 70 -42 11 -88 -83 -9 61 3 -60 -41 49 88 124 97 -16 -4 -13 16 -79 -84 49 41 99 -48 110 46 -96 -2 102 -72 -65 
-120 -102 125 -59 -121 -114 117 19 112 -84 22 -31 -2 -47 27 -73 70 70 29 -66 -124 17 -8 84 126 55 -15 37 -81 -118 53 -56 
-81 -83 -95 -110 40 -46 -39 34 43 46 62 98 9 62 -67 57 -83 91 15 29 -40 106 26 100 90 103 -117 -12 -61 -87 -57 16 
-60 87 72 -40 -103 71 -87 57 25 62 -32 -126 120 -50 105 -62 -99 74 124 -75 18 -66 -106 -80 -101 -116 -82 -82 65 -93 -8 -46 
-50 -57 77 -77 -45 -49 -124 52 -37 -23 -47 86 37 119 81 -66 86 -49 3 -18 -98 77 119 119 -102 78 -111 63 -60 -113 14 -40 
-99 58 -50 -35 -46 -46 91 -87 -32 -118 53 10 -49 -58 7 3 -100 16 79 62 -126 -71 56 -4 91 -32 -67 0 -101 -97 15 120 
126 105 111 -16 118 77 124 -39 17 -97 97 -72 -2 -104 -6 -41 38 -66 38 -44 -105 -60 -53 -81 -75 -42 -19 64 73 -26 22 110 
-121 -116 109 -57 -9 113 -58 61 42 101 70 85 100 -27 20 -30 53 56 -59 89 -102 58 -17 -116 -4 65 113 -30 59 -69 -127 -86 
93 90 -76 83 -56 -119 12 115 21 88 -62 -79 0 109 -24 122 124 -39 -21 -58 43 111 -30 30 -35 71 -61 -34 26 -15 4 -47 
8 -17 -81 96 -59 -63 94 55 96 2 14 62 -92 -2 6 -106 127 20 -8 27 86 -72 -2 -45 -43 124 61 120 53 38 -7 -92 
72 101 62 92 -115 -22 112 -64 126 -97 -99 115 94 43 -15 84 -2 40 -65 -114 103 -115 96 -75 -74 79 46 -38 -36 31 -11 107 
-3 79 79 -56 85 -45 -125 115 -115 -93 107 110 41 53 109 93 -18 107 -24 104 -41 -33 14 -75 123 27 97 -70 -26 41 86 86 
-116 117 113 -14 -97 -3 -105 -12 -82 47 -73 30 -72 31 -97 122 -65 -93 -21 119 58 29 -6 -35 -38 72 -69 -79 -75 -29 111 -70 
-21 -24 107 126 111 16 120 82 -3 -102 123 -49 14 -56 -105 76 62 99 4 -104 82 125 120 35 -7 87 82 -26 -125 122 93 51 
-105 91 -109 -34 94 77 -94 -8 7 72 -113 77 115 11 95 -106 105 -90 -113 -122 99 -23 -111 -48 -11 -4 5 59 -63 90 -107 -34 
-93 125 117 -92 95 79 37 -51 -92 -42 -50 -59 38 98 -60 17 -114 -124 -3 107 51 72 -15 45 -100 122 91 -23 26 -59 -85 93 
-40 22 -35 17 71 -7 -29 -6 126 117 118 -57 -60 -6 6 -111 -88 66 -38 110 -103 112 -112 34 72 29 -117 3 35 22 0 14 
9 -24 49 -21 -34 -77 -77 -77 86 39 82 -59 -66 -95 115 -91 -4 48 13 105 33 -114 87 -68 104 -68 -59 56 42 9 36 -111 
-17 -63 -90 -69 75 -86 -4 49 15 19 -76 -77 90 93 22 -100 -109 -13 17 -110 114 125 120 96 107 10 93 110 -34 79 7 -90 
-114 35 113 50 93 52 -26 76 -115 -96 28 -15 -11 -26 -95 -48 -4 65 115 -96 -35 -103 -83 -118 -68 114 46 -39 97 127 -70 -29 
-4 106 -107 55 102 -42 -9 29 -120 -76 125 74 29 42 -12 -36 77 99 111 120 -123 54 -120 -91 -31 113 -57 61 15 57 -82 -33 
71 -44 52 -3 95 73 -43 110 -26 -48 44 45 97 -75 -124 -30 84 69 57 114 15 -73 -46 -78 27 85 -16 93 -53 53 -60 -70 
53 -28 82 -98 90 56 -92 -7 51 -1 0 125 10 -49 -42 -68 81 -3 -93 104 -102 117 -115 -78 88 105 104 114 32 82 115 33 
-11 99 74 74 83 118 74 -61 -75 -51 107 -5 -119 -76 47 1 -24 -47 -23 -52 97 107 -20 -55 113 52 96 6 110 58 103 30 
-1 0 -91 59 -63 87 -9 90 -59 -59 -18 -113 -88 -51 45 -43 -92 -42 -20 -57 -51 37 -118 16 71 57 61 58 -2 -107 -107 -92 
-8 -106 -42 61 40 -24 -6 -43 -95 -68 -79 13 -70 50 -83 -121 -120 -12 -29 -16 -51 89 -101 -60 -70 94 -101 97 113 105 -31 -53 
25 45 -38 -32 109 -110 -30 118 -7 -15 -23 -44 -5 80 -94 -46 -27 104 93 78 84 -116 49 -25 60 -11 -11 -92 -92 -54 -6 -118 
55 15 81 -7 -41 74 -47 22 -74 61 107 -31 -55 -1 0 -118 80 117 -1 0 95 39 79 -62 -69 88 -30 -126 87 84 -35 33 
39 25 1 125 -113 -67 113 95 14 -79 -1 0 8 -96 -63 -1 0 -105 -121 -20 125 -85 -82 -119 -4 -87 3 0 15 29 8 53 
-27 -42 77 -55 -40 -25 110 -46 -43 18 75 57 -106 65 -97 -111 20 -32 32 -2 17 -3 105 -73 14 -78 92 -56 -22 114 9 -49 
122 -113 -15 -4 40 38 -108 96 -106 -94 109 -67 -49 50 -15 96 -49 -119 -81 15 -70 127 -24 11 69 47 -118 -61 127 -62 75 121 
-14 -98 -87 -40 -1 0 113 104 -82 -75 -79 -70 48 -41 -3 103 -30 127 -107 29 -49 -29 -1 0 -95 81 69 116 45 -51 71 -73 
-34 -1 0 -128 -47 15 -6 -61 -2 -19 20 80 -127 -11 29 -4 114 84 43 -2 -71 127 -34 -94 -118 81 -36 76 114 -11 63 -18 
-113 -28 41 -35 -121 -46 -118 42 -94 11 118 7 -17 -102 120 -5 -83 69 21 107 96 100 77 -44 -45 -57 -6 -79 -11 -94 -118 -51 
117 27 -24 47 -16 -102 -119 104 -94 -101 -40 9 31 -88 -6 83 27 -91 20 80 -2 33 10 -65 113 126 -108 -67 -88 -94 -93 -93 
-11 24 -42 -21 74 58 81 69 82 1 -57 -18 -102 98 125 -45 69 20 0 -15 -9 105 15 106 40 -92 12 -12 127 5 127 -56 
15 -2 -38 53 116 -108 81 92 83 -8 -103 -109 -36 74 85 -17 -12 -94 -118 -128 60 -45 -60 127 -14 31 -69 -1 0 120 127 -24 
34 -118 40 -82 -59 -79 103 -1 -39 
]]>
</Image>
</inet:Report>
